[    0.000000] Initializing cgroup subsys cpuset
[    0.000000] Initializing cgroup subsys cpu
[    0.000000] Initializing cgroup subsys cpuacct
[    0.000000] Linux version 4.4.0-112-generic (buildd@lgw01-amd64-010) (gcc version 5.4.0 20160609 (Ubuntu 5.4.0-6ubuntu1~16.04.5) ) #135-Ubuntu SMP Fri Jan 19 11:48:36 UTC 2018 (Ubuntu 4.4.0-112.135-generic 4.4.98)
[    0.000000] Command line: BOOT_IMAGE=/boot/vmlinuz-4.4.0-112-generic root=LABEL=cloudimg-rootfs ro console=tty1 console=ttyS0
[    0.000000] KERNEL supported cpus:
[    0.000000]   Intel GenuineIntel
[    0.000000]   AMD AuthenticAMD
[    0.000000]   Centaur CentaurHauls
[    0.000000] x86/fpu: xstate_offset[2]:  576, xstate_sizes[2]:  256
[    0.000000] x86/fpu: Supporting XSAVE feature 0x01: 'x87 floating point registers'
[    0.000000] x86/fpu: Supporting XSAVE feature 0x02: 'SSE registers'
[    0.000000] x86/fpu: Supporting XSAVE feature 0x04: 'AVX registers'
[    0.000000] x86/fpu: Enabled xstate features 0x7, context size is 832 bytes, using 'standard' format.
[    0.000000] x86/fpu: Using 'lazy' FPU context switches.
[    0.000000] e820: BIOS-provided physical RAM map:
[    0.000000] BIOS-e820: [mem 0x0000000000000000-0x000000000009fbff] usable
[    0.000000] BIOS-e820: [mem 0x000000000009fc00-0x000000000009ffff] reserved
[    0.000000] BIOS-e820: [mem 0x00000000000f0000-0x00000000000fffff] reserved
[    0.000000] BIOS-e820: [mem 0x0000000000100000-0x000000001ffeffff] usable
[    0.000000] BIOS-e820: [mem 0x000000001fff0000-0x000000001fffffff] ACPI data
[    0.000000] BIOS-e820: [mem 0x00000000fec00000-0x00000000fec00fff] reserved
[    0.000000] BIOS-e820: [mem 0x00000000fee00000-0x00000000fee00fff] reserved
[    0.000000] BIOS-e820: [mem 0x00000000fffc0000-0x00000000ffffffff] reserved
[    0.000000] NX (Execute Disable) protection: active
[    0.000000] SMBIOS 2.5 present.
[    0.000000] Hypervisor detected: KVM
[    0.000000] e820: last_pfn = 0x1fff0 max_arch_pfn = 0x400000000
[    0.000000] MTRR: Disabled
[    0.000000] x86/PAT: MTRRs disabled, skipping PAT initialization too.
[    0.000000] CPU MTRRs all blank - virtualized system.
[    0.000000] x86/PAT: Configuration [0-7]: WB  WT  UC- UC  WB  WT  UC- UC  
[    0.000000] found SMP MP-table at [mem 0x0009fff0-0x0009ffff] mapped at [ffff88000009fff0]
[    0.000000] Scanning 1 areas for low memory corruption
[    0.000000] RAMDISK: [mem 0x1ecf4000-0x1f77dfff]
[    0.000000] ACPI: Early table checksum verification disabled
[    0.000000] ACPI: RSDP 0x00000000000E0000 000024 (v02 VBOX  )
[    0.000000] ACPI: XSDT 0x000000001FFF0030 00003C (v01 VBOX   VBOXXSDT 00000001 ASL  00000061)
[    0.000000] ACPI: FACP 0x000000001FFF00F0 0000F4 (v04 VBOX   VBOXFACP 00000001 ASL  00000061)
[    0.000000] ACPI: DSDT 0x000000001FFF0470 0021FF (v02 VBOX   VBOXBIOS 00000002 INTL 20160108)
[    0.000000] ACPI: FACS 0x000000001FFF0200 000040
[    0.000000] ACPI: FACS 0x000000001FFF0200 000040
[    0.000000] ACPI: APIC 0x000000001FFF0240 00005C (v02 VBOX   VBOXAPIC 00000001 ASL  00000061)
[    0.000000] ACPI: SSDT 0x000000001FFF02A0 0001CC (v01 VBOX   VBOXCPUT 00000002 INTL 20160108)
[    0.000000] No NUMA configuration found
[    0.000000] Faking a node at [mem 0x0000000000000000-0x000000001ffeffff]
[    0.000000] NODE_DATA(0) allocated [mem 0x1ffeb000-0x1ffeffff]
[    0.000000] kvm-clock: Using msrs 4b564d01 and 4b564d00
[    0.000000] kvm-clock: cpu 0, msr 0:1ffe3001, primary cpu clock
[    0.000000] kvm-clock: using sched offset of 3256401767 cycles
[    0.000000] clocksource: kvm-clock: mask: 0xffffffffffffffff max_cycles: 0x1cd42e4dffb, max_idle_ns: 881590591483 ns
[    0.000000] Zone ranges:
[    0.000000]   DMA      [mem 0x0000000000001000-0x0000000000ffffff]
[    0.000000]   DMA32    [mem 0x0000000001000000-0x000000001ffeffff]
[    0.000000]   Normal   empty
[    0.000000]   Device   empty
[    0.000000] Movable zone start for each node
[    0.000000] Early memory node ranges
[    0.000000]   node   0: [mem 0x0000000000001000-0x000000000009efff]
[    0.000000]   node   0: [mem 0x0000000000100000-0x000000001ffeffff]
[    0.000000] Initmem setup node 0 [mem 0x0000000000001000-0x000000001ffeffff]
[    0.000000] ACPI: PM-Timer IO Port: 0x4008
[    0.000000] IOAPIC[0]: apic_id 2, version 32, address 0xfec00000, GSI 0-23
[    0.000000] ACPI: INT_SRC_OVR (bus 0 bus_irq 0 global_irq 2 dfl dfl)
[    0.000000] ACPI: INT_SRC_OVR (bus 0 bus_irq 9 global_irq 9 high level)
[    0.000000] Using ACPI (MADT) for SMP configuration information
[    0.000000] smpboot: Allowing 2 CPUs, 0 hotplug CPUs
[    0.000000] PM: Registered nosave memory: [mem 0x00000000-0x00000fff]
[    0.000000] PM: Registered nosave memory: [mem 0x0009f000-0x0009ffff]
[    0.000000] PM: Registered nosave memory: [mem 0x000a0000-0x000effff]
[    0.000000] PM: Registered nosave memory: [mem 0x000f0000-0x000fffff]
[    0.000000] e820: [mem 0x20000000-0xfebfffff] available for PCI devices
[    0.000000] Booting paravirtualized kernel on KVM
[    0.000000] clocksource: refined-jiffies: mask: 0xffffffff max_cycles: 0xffffffff, max_idle_ns: 7645519600211568 ns
[    0.000000] setup_percpu: NR_CPUS:512 nr_cpumask_bits:512 nr_cpu_ids:2 nr_node_ids:1
[    0.000000] PERCPU: Embedded 34 pages/cpu @ffff88001fc00000 s99544 r8192 d31528 u1048576
[    0.000000] PV qspinlock hash table entries: 256 (order: 0, 4096 bytes)
[    0.000000] Built 1 zonelists in Node order, mobility grouping on.  Total pages: 128889
[    0.000000] Policy zone: DMA32
[    0.000000] Kernel command line: BOOT_IMAGE=/boot/vmlinuz-4.4.0-112-generic root=LABEL=cloudimg-rootfs ro console=tty1 console=ttyS0
[    0.000000] PID hash table entries: 2048 (order: 2, 16384 bytes)
[    0.000000] Memory: 485660K/523832K available (8499K kernel code, 1309K rwdata, 3988K rodata, 1508K init, 1316K bss, 38172K reserved, 0K cma-reserved)
[    0.000000] SLUB: HWalign=64, Order=0-3, MinObjects=0, CPUs=2, Nodes=1
[    0.000000] Kernel/User page tables isolation: enabled
[    0.000000] Hierarchical RCU implementation.
[    0.000000] 	Build-time adjustment of leaf fanout to 64.
[    0.000000] 	RCU restricting CPUs from NR_CPUS=512 to nr_cpu_ids=2.
[    0.000000] RCU: Adjusting geometry for rcu_fanout_leaf=64, nr_cpu_ids=2
[    0.000000] NR_IRQS:33024 nr_irqs:440 16
[    0.000000] Console: colour VGA+ 80x25
[    0.000000] console [tty1] enabled
[    0.000000] console [ttyS0] enabled
[    0.000000] tsc: Detected 2194.918 MHz processor
[    0.986614] Calibrating delay loop (skipped) preset value.. 4389.83 BogoMIPS (lpj=8779672)
[    1.028657] pid_max: default: 32768 minimum: 301
[    1.029510] ACPI: Core revision 20150930
[    1.031384] ACPI: 2 ACPI AML tables successfully acquired and loaded
[    1.043346] Security Framework initialized
[    1.044125] Yama: becoming mindful.
[    1.063151] AppArmor: AppArmor initialized
[    1.073639] Dentry cache hash table entries: 65536 (order: 7, 524288 bytes)
[    1.075006] Inode-cache hash table entries: 32768 (order: 6, 262144 bytes)
[    1.087172] Mount-cache hash table entries: 1024 (order: 1, 8192 bytes)
[    1.090874] Mountpoint-cache hash table entries: 1024 (order: 1, 8192 bytes)
[    1.092181] Initializing cgroup subsys io
[    1.093103] Initializing cgroup subsys memory
[    1.099869] Initializing cgroup subsys devices
[    1.101839] Initializing cgroup subsys freezer
[    1.102715] Initializing cgroup subsys net_cls
[    1.108882] Initializing cgroup subsys perf_event
[    1.127563] Initializing cgroup subsys net_prio
[    1.141926] Initializing cgroup subsys hugetlb
[    1.142751] Initializing cgroup subsys pids
[    1.154349] CPU: Physical Processor ID: 0
[    1.168294] CPU: Processor Core ID: 0
[    1.169056] FEATURE SPEC_CTRL Not Present
[    1.170784] mce: CPU supports 0 MCE banks
[    1.184654] Last level iTLB entries: 4KB 64, 2MB 8, 4MB 8
[    1.210491] Last level dTLB entries: 4KB 64, 2MB 0, 4MB 0, 1GB 4
[    1.233086] Freeing SMP alternatives memory: 32K
[    1.274929] ftrace: allocating 32180 entries in 126 pages
[    1.331127] smpboot: APIC(0) Converting physical 0 to logical package 0
[    1.338627] smpboot: Max logical packages: 1
[    1.343046] x2apic enabled
[    1.346497] Switched APIC routing to physical x2apic.
[    1.352355] ..TIMER: vector=0x30 apic1=0 pin1=2 apic2=-1 pin2=-1
[    1.492799] smpboot: CPU0: Intel(R) Core(TM) i5-5200U CPU @ 2.20GHz (family: 0x6, model: 0x3d, stepping: 0x4)
[    1.555153] Performance Events: unsupported p6 CPU model 61 no PMU driver, software events only.
[    1.567258] KVM setup paravirtual spinlock
[    1.568818] x86: Booting SMP configuration:
[    1.570738] .... node  #0, CPUs:      #1
[    1.582361] kvm-clock: cpu 1, msr 0:1ffe3041, secondary cpu clock
[    1.598353] mce: CPU supports 0 MCE banks
[    1.601438] x86: Booted up 1 node, 2 CPUs
[    1.617697] smpboot: Total of 2 processors activated (8779.67 BogoMIPS)
[    1.619717] devtmpfs: initialized
[    1.628450] evm: security.selinux
[    1.630278] evm: security.SMACK64
[    1.636276] evm: security.SMACK64EXEC
[    1.637059] evm: security.SMACK64TRANSMUTE
[    1.637920] evm: security.SMACK64MMAP
[    1.638684] evm: security.ima
[    1.668983] evm: security.capability
[    1.689482] clocksource: jiffies: mask: 0xffffffff max_cycles: 0xffffffff, max_idle_ns: 7645041785100000 ns
[    1.712071] futex hash table entries: 512 (order: 3, 32768 bytes)
[    1.719772] pinctrl core: initialized pinctrl subsystem
[    1.726397] RTC time: 10:55:01, date: 07/20/18
[    1.727447] NET: Registered protocol family 16
[    1.744842] cpuidle: using governor ladder
[    1.812850] cpuidle: using governor menu
[    1.829100] PCCT header not found.
[    1.878566] ACPI: bus type PCI registered
[    1.895242] acpiphp: ACPI Hot Plug PCI Controller Driver version: 0.5
[    1.904983] PCI: Using configuration type 1 for base access
[    1.921527] ACPI: Added _OSI(Module Device)
[    1.933007] ACPI: Added _OSI(Processor Device)
[    1.939226] ACPI: Added _OSI(3.0 _SCP Extensions)
[    1.940147] ACPI: Added _OSI(Processor Aggregator Device)
[    1.941914] ACPI: Executed 1 blocks of module-level executable AML code
[    1.945674] ACPI: Interpreter enabled
[    1.954596] ACPI: (supports S0 S5)
[    1.955347] ACPI: Using IOAPIC for interrupt routing
[    1.957545] PCI: Using host bridge windows from ACPI; if necessary, use "pci=nocrs" and report a bug
[    1.965350] ACPI: PCI Root Bridge [PCI0] (domain 0000 [bus 00-ff])
[    1.970926] acpi PNP0A03:00: _OSC: OS supports [ASPM ClockPM Segments MSI]
[    1.972186] acpi PNP0A03:00: _OSC: not requesting OS control; OS requires [ExtendedConfig ASPM ClockPM MSI]
[    1.974106] acpi PNP0A03:00: fail to add MMCONFIG information, can't access extended PCI configuration space under this bridge.
[    1.981753] PCI host bridge to bus 0000:00
[    1.990808] pci_bus 0000:00: root bus resource [io  0x0000-0x0cf7 window]
[    1.992341] pci_bus 0000:00: root bus resource [io  0x0d00-0xffff window]
[    1.993645] pci_bus 0000:00: root bus resource [mem 0x000a0000-0x000bffff window]
[    1.996221] pci_bus 0000:00: root bus resource [mem 0x20000000-0xffdfffff window]
[    2.003519] pci_bus 0000:00: root bus resource [bus 00-ff]
[    2.011262] pci 0000:00:01.1: legacy IDE quirk: reg 0x10: [io  0x01f0-0x01f7]
[    2.012520] pci 0000:00:01.1: legacy IDE quirk: reg 0x14: [io  0x03f6]
[    2.013734] pci 0000:00:01.1: legacy IDE quirk: reg 0x18: [io  0x0170-0x0177]
[    2.020474] pci 0000:00:01.1: legacy IDE quirk: reg 0x1c: [io  0x0376]
[    2.040186] pci 0000:00:07.0: quirk: [io  0x4000-0x403f] claimed by PIIX4 ACPI
[    2.059695] pci 0000:00:07.0: quirk: [io  0x4100-0x410f] claimed by PIIX4 SMB
[    2.103695] ACPI: PCI Interrupt Link [LNKA] (IRQs 5 9 10 *11)
[    2.128016] ACPI: PCI Interrupt Link [LNKB] (IRQs 5 9 10 *11)
[    2.133345] ACPI: PCI Interrupt Link [LNKC] (IRQs 5 9 *10 11)
[    2.134802] ACPI: PCI Interrupt Link [LNKD] (IRQs 5 *9 10 11)
[    2.136386] ACPI: Enabled 2 GPEs in block 00 to 07
[    2.137850] vgaarb: setting as boot device: PCI:0000:00:02.0
[    2.142920] vgaarb: device added: PCI:0000:00:02.0,decodes=io+mem,owns=io+mem,locks=none
[    2.168149] vgaarb: loaded
[    2.168801] vgaarb: bridge control possible 0000:00:02.0
[    2.170112] SCSI subsystem initialized
[    2.171004] ACPI: bus type USB registered
[    2.171864] usbcore: registered new interface driver usbfs
[    2.172892] usbcore: registered new interface driver hub
[    2.173942] usbcore: registered new device driver usb
[    2.175195] PCI: Using ACPI for IRQ routing
[    2.188559] NetLabel: Initializing
[    2.190408] NetLabel:  domain hash size = 128
[    2.191275] NetLabel:  protocols = UNLABELED CIPSOv4
[    2.192221] NetLabel:  unlabeled traffic allowed by default
[    2.199558] amd_nb: Cannot enumerate AMD northbridges
[    2.211705] clocksource: Switched to clocksource kvm-clock
[    2.220530] AppArmor: AppArmor Filesystem Enabled
[    2.251795] pnp: PnP ACPI init
[    2.267574] pnp: PnP ACPI: found 3 devices
[    2.287217] clocksource: acpi_pm: mask: 0xffffff max_cycles: 0xffffff, max_idle_ns: 2085701024 ns
[    2.305865] NET: Registered protocol family 2
[    2.307110] TCP established hash table entries: 4096 (order: 3, 32768 bytes)
[    2.311070] TCP bind hash table entries: 4096 (order: 4, 65536 bytes)
[    2.312712] TCP: Hash tables configured (established 4096 bind 4096)
[    2.319611] UDP hash table entries: 256 (order: 1, 8192 bytes)
[    2.336385] UDP-Lite hash table entries: 256 (order: 1, 8192 bytes)
[    2.348321] NET: Registered protocol family 1
[    2.349226] pci 0000:00:00.0: Limiting direct PCI/PCI transfers
[    2.355669] pci 0000:00:01.0: Activating ISA DMA hang workarounds
[    2.370316] Unpacking initramfs...
[    4.530117] Freeing initrd memory: 10792K
[    4.546952] RAPL PMU detected, API unit is 2^-32 Joules, 4 fixed counters 10737418240 ms ovfl timer
[    4.555577] hw unit of domain pp0-core 2^-0 Joules
[    4.573880] hw unit of domain package 2^-0 Joules
[    4.593790] hw unit of domain dram 2^-0 Joules
[    4.624809] hw unit of domain pp1-gpu 2^-0 Joules
[    4.634111] platform rtc_cmos: registered platform RTC device (no PNP device found)
[    4.679588] Scanning for low memory corruption every 60 seconds
[    4.682656] audit: initializing netlink subsys (disabled)
[    4.741719] audit: type=2000 audit(1532084108.041:1): initialized
[    4.802304] Initialise system trusted keyring
[    4.871991] HugeTLB registered 2 MB page size, pre-allocated 0 pages
[    4.901993] zbud: loaded
[    4.960456] VFS: Disk quotas dquot_6.6.0
[    4.992068] VFS: Dquot-cache hash table entries: 512 (order 0, 4096 bytes)
[    4.993473] squashfs: version 4.0 (2009/01/31) Phillip Lougher
[    5.022171] fuse init (API version 7.23)
[    5.026603] Key type big_key registered
[    5.071728] Allocating IMA MOK and blacklist keyrings.
[    5.089208] Key type asymmetric registered
[    5.112001] Asymmetric key parser 'x509' registered
[    5.160095] Block layer SCSI generic (bsg) driver version 0.4 loaded (major 249)
[    5.165149] io scheduler noop registered
[    5.165902] io scheduler deadline registered (default)
[    5.166824] io scheduler cfq registered
[    5.228523] pci_hotplug: PCI Hot Plug PCI Core version: 0.5
[    5.229499] pciehp: PCI Express Hot Plug Controller Driver version: 0.4
[    5.232426] ACPI: AC Adapter [AC] (on-line)
[    5.233256] input: Power Button as /devices/LNXSYSTM:00/LNXPWRBN:00/input/input0
[    5.234663] ACPI: Power Button [PWRF]
[    5.258577] input: Sleep Button as /devices/LNXSYSTM:00/LNXSLPBN:00/input/input1
[    5.279083] ACPI: Sleep Button [SLPF]
[    5.302666] GHES: HEST is not enabled!
[    5.322483] ACPI: Battery Slot [BAT0] (battery present)
[    5.342263] Serial: 8250/16550 driver, 32 ports, IRQ sharing enabled
[    5.433995] 00:02: ttyS0 at I/O 0x3f8 (irq = 4, base_baud = 115200) is a 16550A
[    5.473305] Linux agpgart interface v0.103
[    5.493708] loop: module loaded
[    5.511478] scsi host0: ata_piix
[    5.522248] scsi host1: ata_piix
[    5.581757] ata1: PATA max UDMA/33 cmd 0x1f0 ctl 0x3f6 bmdma 0xd000 irq 14
[    5.591877] ata2: PATA max UDMA/33 cmd 0x170 ctl 0x376 bmdma 0xd008 irq 15
[    5.602263] libphy: Fixed MDIO Bus: probed
[    5.606829] tun: Universal TUN/TAP device driver, 1.6
[    5.610264] tun: (C) 1999-2004 Max Krasnyansky <maxk@qualcomm.com>
[    5.641904] tsc: Refined TSC clocksource calibration: 2193.510 MHz
[    5.642916] clocksource: tsc: mask: 0xffffffffffffffff max_cycles: 0x1f9e3ff3ecd, max_idle_ns: 440795296632 ns
[    5.651621] PPP generic driver version 2.4.2
[    5.662657] ehci_hcd: USB 2.0 'Enhanced' Host Controller (EHCI) Driver
[    5.663735] ehci-pci: EHCI PCI platform driver
[    5.771829] ehci-platform: EHCI generic platform driver
[    5.798639] ohci_hcd: USB 1.1 'Open' Host Controller (OHCI) Driver
[    5.799916] ohci-pci: OHCI PCI platform driver
[    5.833650] ohci-platform: OHCI generic platform driver
[    5.864442] uhci_hcd: USB Universal Host Controller Interface driver
[    5.875334] i8042: PNP: PS/2 Controller [PNP0303:PS2K,PNP0f03:PS2M] at 0x60,0x64 irq 1,12
[    5.918737] serio: i8042 KBD port at 0x60,0x64 irq 1
[    5.925082] serio: i8042 AUX port at 0x60,0x64 irq 12
[    5.927971] mousedev: PS/2 mouse device common for all mice
[    5.932737] input: AT Translated Set 2 keyboard as /devices/platform/i8042/serio0/input/input2
[    5.935769] rtc_cmos rtc_cmos: rtc core: registered rtc_cmos as rtc0
[    5.938294] rtc_cmos rtc_cmos: alarms up to one day, 114 bytes nvram
[    5.939419] i2c /dev entries driver
[    5.940266] device-mapper: uevent: version 1.0.3
[    5.949303] device-mapper: ioctl: 4.34.0-ioctl (2015-10-28) initialised: dm-devel@redhat.com
[    5.951765] ledtrig-cpu: registered to indicate activity on CPUs
[    5.999865] NET: Registered protocol family 10
[    6.022224] NET: Registered protocol family 17
[    6.023078] Key type dns_resolver registered
[    6.077125] microcode: CPU0 sig=0x306d4, pf=0x40, revision=0x0
[    6.090205] microcode: CPU1 sig=0x306d4, pf=0x40, revision=0x0
[    6.171912] microcode: Microcode Update Driver: v2.01 <tigran@aivazian.fsnet.co.uk>, Peter Oruba
[    6.175414] registered taskstats version 1
[    6.176420] Loading compiled-in X.509 certificates
[    6.178132] Loaded X.509 cert 'Build time autogenerated kernel key: 4c603087bab8f0a02cb3b4e1fb4c40f507e71ef1'
[    6.202092] zswap: loaded using pool lzo/zbud
[    6.206032] Key type trusted registered
[    6.259337] Key type encrypted registered
[    6.261725] AppArmor: AppArmor sha1 policy hashing enabled
[    6.270934] ima: No TPM chip found, activating TPM-bypass!
[    6.292156] evm: HMAC attrs: 0x1
[    6.293107]   Magic number: 10:459:932
[    6.326208] rtc_cmos rtc_cmos: setting system clock to 2018-07-20 10:55:06 UTC (1532084106)
[    6.357331] BIOS EDD facility v0.16 2004-Jun-25, 0 devices found
[    6.521833] EDD information not available.
[    6.524147] Freeing unused kernel memory: 1508K
[    6.546381] Write protecting the kernel read-only data: 14336k
[    6.557167] Freeing unused kernel memory: 1728K
[    6.582502] Freeing unused kernel memory: 108K
Loading, please wait...
starting version[    6.604108] random: systemd-udevd: uninitialized urandom read (16 bytes read, 3 bits of entropy available)
 229
[    6.605007] random: udevadm: uninitialized urandom read (16 bytes read, 3 bits of entropy available)
[    6.605034] random: udevadm: uninitialized urandom read (16 bytes read, 3 bits of entropy available)
[    6.621397] random: udevadm: uninitialized urandom read (16 bytes read, 3 bits of entropy available)
[    6.621455] random: udevadm: uninitialized urandom read (16 bytes read, 3 bits of entropy available)
[    6.621676] random: udevadm: uninitialized urandom read (16 bytes read, 3 bits of entropy available)
[    6.621754] random: udevadm: uninitialized urandom read (16 bytes read, 3 bits of entropy available)
[    6.621827] random: udevadm: uninitialized urandom read (16 bytes read, 3 bits of entropy available)
[    6.621901] random: udevadm: uninitialized urandom read (16 bytes read, 3 bits of entropy available)
[    6.621974] random: udevadm: uninitialized urandom read (16 bytes read, 3 bits of entropy available)
[    6.838979] e1000: Intel(R) PRO/1000 Network Driver - version 7.3.21-k8-NAPI
[    6.848829] e1000: Copyright (c) 1999-2006 Intel Corporation.
[    6.940840] Fusion MPT base driver 3.04.20
[    6.961598] Copyright (c) 1999-2008 LSI Corporation
[    6.978846] Fusion MPT SPI Host driver 3.04.20
[    7.006313] AVX version of gcm_enc/dec engaged.
[    7.019174] AES CTR mode by8 optimization enabled
[    7.126772] input: ImExPS/2 Generic Explorer Mouse as /devices/platform/i8042/serio1/input/input4
[    7.328420] e1000 0000:00:03.0 eth0: (PCI:33MHz:32-bit) 02:1f:2a:60:99:e3
[    7.340078] e1000 0000:00:03.0 eth0: Intel(R) PRO/1000 Network Connection
[    7.390433] mptbase: ioc0: Initiating bringup
[    7.391448] e1000 0000:00:03.0 enp0s3: renamed from eth0
[    7.460179] ioc0: LSI53C1030 A0: Capabilities={Initiator}
[    7.646241] scsi host2: ioc0: LSI53C1030 A0, FwRev=00000000h, Ports=1, MaxQ=256, IRQ=20
[    7.812144] scsi 2:0:0:0: Direct-Access     VBOX     HARDDISK         1.0  PQ: 0 ANSI: 5
[    7.832288] scsi target2:0:0: Beginning Domain Validation
[    7.841462] scsi target2:0:0: Domain Validation skipping write tests
[    7.912744] scsi target2:0:0: Ending Domain Validation
[    7.932190] scsi target2:0:0: asynchronous
[    7.933531] scsi 2:0:1:0: Direct-Access     VBOX     HARDDISK         1.0  PQ: 0 ANSI: 5
[    7.954294] scsi target2:0:1: Beginning Domain Validation
[    8.020683] scsi target2:0:1: Domain Validation skipping write tests
[    8.061850] scsi target2:0:1: Ending Domain Validation
[    8.102148] scsi target2:0:1: asynchronous
[    8.109362] sd 2:0:0:0: [sda] 20971520 512-byte logical blocks: (10.7 GB/10.0 GiB)
[    8.109771] sd 2:0:0:0: Attached scsi generic sg0 type 0
[    8.110518] sd 2:0:1:0: Attached scsi generic sg1 type 0
[    8.156440] sd 2:0:0:0: [sda] Write Protect is off
[    8.164108] sd 2:0:1:0: [sdb] 20480 512-byte logical blocks: (10.5 MB/10.0 MiB)
[    8.164232] sd 2:0:0:0: [sda] Incomplete mode parameter data
[    8.164234] sd 2:0:0:0: [sda] Assuming drive cache: write through
[    8.212866] sd 2:0:1:0: [sdb] Write Protect is off
[    8.223518]  sda: sda1
[    8.232537] sd 2:0:0:0: [sda] Attached SCSI disk
[    8.272868] sd 2:0:1:0: [sdb] Incomplete mode parameter data
[    8.273817] sd 2:0:1:0: [sdb] Assuming drive cache: write through
[    8.316452] sd 2:0:1:0: [sdb] Attached SCSI disk
[    9.900255] floppy0: no floppy controllers found
Begin: Loading essential drivers ... [   11.372981] md: linear personality registered for level -1
[   11.395782] md: multipath personality registered for level -4
[   11.403841] md: raid0 personality registered for level 0
[   11.424411] md: raid1 personality registered for level 1
[   11.511747] raid6: sse2x1   gen()  7279 MB/s
[   11.583767] raid6: sse2x1   xor()  5372 MB/s
[   11.691749] raid6: sse2x2   gen()  7584 MB/s
[   11.763755] raid6: sse2x2   xor()  5740 MB/s
[   11.835740] raid6: sse2x4   gen() 11090 MB/s
[   11.907741] raid6: sse2x4   xor()  7561 MB/s
[   11.938115] raid6: using algorithm sse2x4 gen() 11090 MB/s
[   11.947518] raid6: .... xor() 7561 MB/s, rmw enabled
[   11.948530] raid6: using ssse3x2 recovery algorithm
[   11.956865] xor: automatically using best checksumming function:
[   12.004072]    avx       : 29209.000 MB/sec
[   12.008864] async_tx: api initialized (async)
[   12.022891] md: raid6 personality registered for level 6
[   12.024958] md: raid5 personality registered for level 5
[   12.026607] md: raid4 personality registered for level 4
[   12.035577] md: raid10 personality registered for level 10
done.
Begin: Running /scripts/init-premount ... done.
Begin: Mounting root file system ... Begin: Running /scripts/local-top ... done.
Begin: Running /scripts/local-premount ... [   12.086159] Btrfs loaded
Scanning for Btrfs filesystems
done.
Warning: fsck not present, so skipping root file system
[   12.177834] EXT4-fs (sda1): mounted filesystem with ordered data mode. Opts: (null)
done.
Begin: Running /scripts/local-bottom ... done.
Begin: Running /scripts/init-bottom ... done.
[   12.884839] systemd[1]: systemd 229 running in system mode. (+PAM +AUDIT +SELINUX +IMA +APPARMOR +SMACK +SYSVINIT +UTMP +LIBCRYPTSETUP +GCRYPT +GNUTLS +ACL +XZ -LZ4 +SECCOMP +BLKID +ELFUTILS +KMOD -IDN)
[   12.925980] systemd[1]: Detected virtualization oracle.
[   12.926881] systemd[1]: Detected architecture x86-64.
[   12.962177] random: nonblocking pool is initialized

Welcome to [1mUbuntu 16.04.3 LTS[0m!

[   12.999420] systemd[1]: Set hostname to <ubuntu>.
[   13.013987] systemd[1]: Initializing machine ID from random generator.
[   13.019987] systemd[1]: Installed transient /etc/machine-id file.
[   14.568404] systemd[1]: Created slice System Slice.
[[0;32m  OK  [0m] Created slice System Slice.
[   14.718004] systemd[1]: Listening on LVM2 poll daemon socket.
[[0;32m  OK  [0m] Listening on LVM2 poll daemon socket.
[   14.744369] systemd[1]: Created slice system-serial\x2dgetty.slice.
[[0;32m  OK  [0m] Created slice system-serial\x2dgetty.slice.
[   14.773573] systemd[1]: Listening on Journal Socket (/dev/log).
[[0;32m  OK  [0m] Listening on Journal Socket (/dev/log).
[   14.786304] systemd[1]: Started Trigger resolvconf update for networkd DNS.
[[0;32m  OK  [0m] Started Trigger resolvconf update for networkd DNS.
[   14.794952] systemd[1]: Created slice User and Session Slice.
[[0;32m  OK  [0m] Created slice User and Session Slice.
[   14.847996] systemd[1]: Listening on Device-mapper event daemon FIFOs.
[[0;32m  OK  [0m] Listening on Device-mapper event daemon FIFOs.
[   14.898965] systemd[1]: Reached target Encrypted Volumes.
[[0;32m  OK  [0m] Reached target Encrypted Volumes.
[   14.935257] systemd[1]: Set up automount Arbitrary Executable File Formats File System Automount Point.
[[0;32m  OK  [0m] Set up automount Arbitrary Executab...ats File System Automount Point.
[   14.947677] systemd[1]: Listening on LVM2 metadata daemon socket.
[[0;32m  OK  [0m] Listening on LVM2 metadata daemon socket.
[   14.949900] systemd[1]: Reached target Slices.
[[0;32m  OK  [0m] Reached target Slices.
[   14.963189] systemd[1]: Listening on Journal Socket.
[[0;32m  OK  [0m] Listening on Journal Socket.
[   14.980278] systemd[1]: Starting Monitoring of LVM2 mirrors, snapshots etc. using dmeventd or progress polling...
         Starting Monitoring of LVM2 mirrors... dmeventd or progress polling...
[   14.996327] systemd[1]: Mounting Debug File System...
         Mounting Debug File System...
[   15.064240] systemd[1]: Starting Create list of required static device nodes for the current kernel...
         Starting Create list of required st... nodes for the current kernel...
[   15.164307] systemd[1]: Starting Load Kernel Modules...
         Starting Load Kernel Modules...
[   15.246242] systemd[1]: Starting Uncomplicated firewall...
         Starting Uncomplicated firewall...
[   15.296886] Loading iSCSI transport class v2.0-870.
[   15.331982] systemd[1]: Mounting Huge Pages File System...
         Mounting Huge Pages File System...
[   15.353452] systemd[1]: Starting Set console keymap...
         Starting Set console keymap...
[   15.373919] systemd[1]: Mounting POSIX Message Queue File System...
         Mounting POSIX M[   15.395786] iscsi: registered transport (tcp)
essage Queue File System...
[   15.424054] systemd[1]: Listening on /dev/initctl Compatibility Named Pipe.
[[0;32m  OK  [0m] Listening on /dev/initctl Compatibility Named Pipe.
[   15.444051] systemd[1]: Starting Nameserver information manager...
         Starting Nameserver information manager...
[   15.484986] systemd[1]: Listening on Syslog Socket.
[[0;32m  OK  [0m] Listening on Syslog Socket.
[   15.494355] systemd[1]: Listening on Journal Audit Socket.
[[0;32m  OK  [0m] Listening on Journal Audit Socket.
[   15.551941] systemd[1]: Starting Journal Service...
         Startin[   15.564113] iscsi: registered transport (iser)
g Journal Service...
[   15.587629] systemd[1]: Reached target User and Group Name Lookups.
[[0;32m  OK  [0m] Reached target User and Group Name Lookups.
[   15.636185] systemd[1]: Reached target Swap.
[[0;32m  OK  [0m] Reached target Swap.
[   15.710970] systemd[1]: Listening on udev Control Socket.
[[0;32m  OK  [0m] Listening on udev Control Socket.
[   15.768633] systemd[1]: Listening on udev Kernel Socket.
[[0;32m  OK  [0m] Listening on udev Kernel Socket.
[   15.770742] systemd[1]: Started Forward Password Requests to Wall Directory Watch.
[[0;32m  OK  [0m] Started Forward Password Requests to Wall Directory Watch.
[   15.799990] systemd[1]: Starting Remount Root and Kernel File Systems...
[   15.827157] EXT4-fs (sda1): re-mounted. Opts: (null)
         Starting Remount Root and Kernel File Systems...
[   15.961157] systemd[1]: Mounted Huge Pages File System.
[[0;32m  OK  [0m] Mounted Huge Pages File System.
[   15.975659] systemd[1]: Mounted Debug File System.
[[0;32m  OK  [0m] Mounted Debug File System.
[   16.012966] systemd[1]: Mounted POSIX Message Queue File System.
[[0;32m  OK  [0m] Mounted POSIX Message Queue File System.
[   16.039033] systemd[1]: Started Journal Service.
[[0;32m  OK  [0m] Started Journal Service.
[[0;32m  OK  [0m] Started Create list of required sta...ce nodes for the current kernel.
[[0;32m  OK  [0m] Started Load Kernel Modules.
[[0;32m  OK  [0m] Started Uncomplicated firewall.
[[0;32m  OK  [0m] Started Set console keymap.
[[0;32m  OK  [0m] Started Remount Root and Kernel File Systems.
[[0;32m  OK  [0m] Started Nameserver information manager.
[[0;32m  OK  [0m] Started LVM2 metadata daemon.
         Starting Load/Save Random Seed...
         Starting udev Coldplug all Devices...
         Starting Initial cloud-init job (pre-networking)...
         Starting Apply Kernel Variables...
         Mounting FUSE Control File System...
         Starting Create Static Device Nodes in /dev...
         Starting Flush Journal to Persistent Storage...
[[0;32m  OK  [0m] Mounted FUSE Control File System.
[[0;32m  OK  [0m] Started Load/Save Random Seed.
[[0;32m  OK  [0m] Started udev Coldplug all Devices.
[[0;32m  OK  [0m] Started Apply Kernel Variables.
[[0;32m  OK  [0m] Started Flush Journal to Persistent Storage.
[[0;32m  OK  [0m] Started Monitoring of LVM2 mirrors,...ng dmeventd or progress polling.
[[0;32m  OK  [0m] Started Create Static Device Nodes in /dev.
         Starting udev Kernel Device Manager...
[[0;32m  OK  [0m] Started udev Kernel Device Manager.
[[0;32m  OK  [0m] Reached target Local File Systems (Pre).
[[0;32m  OK  [0m] Reached target Local File Systems.
         Starting Commit a transient machine-id on disk...
         Starting Create Volatile Files and Directories...
         Starting LSB: AppArmor initialization...
         Starting Tell Plymouth To Write Out Runtime Data...
         Starting Set console font and keymap...
[[0;32m  OK  [0m] Started Dispatch Password Requests to Console Directory Watch.
[[0;32m  OK  [0m] Started Commit a transient machine-id on disk.
[[0;32m  OK  [0m] Started Create Volatile Files and Directories.
[[0;32m  OK  [0m] Reached target System Time Synchronized.
         Starting Update UTMP about System Boot/Shutdown...
[[0;32m  OK  [0m] Started Tell Plymouth To Write Out Runtime Data.
[[0;32m  OK  [0m] Started Update UTMP about System Boot/Shutdown.
[[0;32m  OK  [0m] Found device /dev/ttyS0.
[[0;32m  OK  [0m] Listening on Load/Save RF Kill Switch Status /dev/rfkill Watch.
[[0;32m  OK  [0m] Started LSB: AppArmor initialization.
[[0;32m  OK  [0m] Started Set console font and keymap.
[[0;32m  OK  [0m] Created slice system-getty.slice.
[   22.028789] cloud-init[443]: Cloud-init v. 17.1 running 'init-local' at Fri, 20 Jul 2018 10:55:23 +0000. Up 21.25 seconds.
[[0;32m  OK  [0m] Started Initial cloud-init job (pre-networking).
[[0;32m  OK  [0m] Reached target Network (Pre).
         Starting Raise network interfaces...
[[0;32m  OK  [0m] Started Raise network interfaces.
[[0;32m  OK  [0m] Reached target Network.
         Starting Initial cloud-init job (metadata service crawler)...
[   25.034704] cloud-init[947]: Cloud-init v. 17.1 running 'init' at Fri, 20 Jul 2018 10:55:24 +0000. Up 23.04 seconds.
[   25.046778] cloud-init[947]: ci-info: +++++++++++++++++++++++++++++++++++++Net device info++++++++++++++++++++++++++++++++++++++
[   25.066126] cloud-init[947]: ci-info: +--------+------+----------------------------+---------------+-------+-------------------+
[   25.126265] cloud-init[947]: ci-info: | Device |  Up  |          Address           |      Mask     | Scope |     Hw-Address    |
[[0;32m  OK  [0m] Started Initial cloud-init job (metadata service crawler).
[   25.153433] cloud-init[947]: ci-info: +--------+------+----------------------------+---------------+-------+-------------------+
[   25.248116] cloud-init[947]: ci-info: | enp0s3 | True |         10.0.2.15          | 255.255.255.0 |   .   | 02:1f:2a:60:99:e3 |
[   25.248488] cloud-init[947]: ci-info: | enp0s3 | True | fe80::1f:2aff:fe60:99e3/64 |       .       |  link | 02:1f:2a:60:99:e3 |
[   25.248858] cloud-init[947]: ci-info: |   lo   | True |         127.0.0.1          |   255.0.0.0   |   .   |         .         |
[   25.249158] cloud-init[947]: ci-info: |   lo   | True |          ::1/128           |       .       |  host |         .         |
[   25.249470] cloud-init[947]: ci-info: +--------+------+----------------------------+---------------+-------+-------------------+
[[0;32m  OK  [0m] Reached target System Initialization.
[   25.249795] cloud-init[947]: ci-info: +++++++++++++++++++++++++++Route IPv4 info++++++++++++++++++++++++++++
[   25.444947] cloud-init[947]: ci-info: +-------+-------------+----------+---------------+-----------+-------+
[[0;32m  OK  [0m] Listening on ACPID Listen Socket.
[[   25.445062] cloud-init[947]: ci-info: | Route | Destination | Gateway  |    Genmask    | Interface | Flags |
[   25.454966] cloud-init[947]: ci-info: +-------+-------------+----------+---------------+-----------+-------+
[   25.455237] cloud-init[947]: ci-info: |   0   |   0.0.0.0   | 10.0.2.2 |    0.0.0.0    |   enp0s3  |   UG  |
[0;32m  OK  [0m] Listening on UUID daemon activation socket.
[   25.455556] cloud-init[947]: ci-info: |   1   |   10.0.2.0  | 0.0.0.0  | 255.255.255.0 |   enp0s3  |   U   |
[[0;32m  OK  [0m] Started ACPI Events Check.
[   25.509129] cloud-init[947]: ci-info: +-------+-------------+----------+---------------+-----------+-------+
[[0;32m  OK  [0m] Reached target Paths.
[   25.546576] cloud-init[947]: Generating public/private rsa key pair.
[   25.574792] cloud-init[947]: Your identification has been saved in /etc/ssh/ssh_host_rsa_key.
[   25.575017] cloud-init[947]: Your public key has been saved in /etc/ssh/ssh_host_rsa_key.pub.
[   25.575327] cloud-init[947]: The key fingerprint is:
         Starting LXD - unix socket.
[   25.575504] cloud-init[947]: SHA256:l/GT3RP8xKv0AYNpk2WXZ7zf/zWcMyT5hByXzOSsYv0 root@ubuntu-xenial
[   25.640401] cloud-init[947]: The key's randomart image is:
[   25.640748] cloud-init[947]: +---[RSA 2048]----+
[[0;32m  OK  [0m] Started Timer to automatically refresh installed snaps.
[[   25.640912] cloud-init[947]: |             o +.|
[   25.722565] cloud-init[947]: |            * Oo=|
[   25.722871] cloud-init[947]: |          .* + @=|
[   25.723080] cloud-init[947]: |          .++oO++|
[   25.723335] cloud-init[947]: |        S oo+O.*=|
[   25.723579] [0;32m  OK  [0mcloud-init] [947]: Listening on D-Bus System Message Bus Socket.|         .. o.X *|

[   25.723989] cloud-init[947]: |             . Eo|
[   25.816788] cloud-init[947]: |                *|
[[0;32m  OK  [0m] Started Daily Cleanup of Temporary Directories.
[   25.816912] cloud-init[947]: |                o|
[   25.936458] cloud-init[947]: +----[SHA256]-----+
[   25.936818] cloud-init[947]: Generating public/private dsa key pair.
         Starting Socket activation for snappy daemon.
[   25.936962] cloud-init[947]: Your identification has been saved in /etc/ssh/ssh_host_dsa_key.
[[0;32m  OK  [0m] Reached target Cloud-config availability.
[   25.978384] cloud-init[947]: Your public key has been saved in /etc/ssh/ssh_host_dsa_key.pub.
[   25.996446] cloud-init[947]: The key fingerprint is:
[   25.998766] cloud-init[947]: SHA256:VDY8RAXawTwL7xQTNhAQphs1RxsE9IkOWCc71XIOocg root@ubuntu-xenial
[   25.999039] cloud-init[947]: The key's randomart image is:
[[0;32m  OK  [0m] Reached target Network is Online.
[   25.999215] cloud-init[947]: +---[DSA 1024]----+
[   26.114536] cloud-init[947]: |    o.%OBO%+.    |
[   26.115671] cloud-init[947]: | . + Xo=+XO+     |
[   26.117856] cloud-init[947]: |  E B .=*o.*     |
[   26.118939] cloud-init[947]: |     * .. +      |
[   26.152764] cloud-init[947]: |    . . So       |
         Starting iSCSI initiator daemon (iscsid)...
[[   26.153276] cloud-init[947]: |          .      |
[0;32m  OK  [0m] Started Daily apt download activities.
[   26.184971] cloud-init[947]: |                 |
[   26.228854] cloud-init[947]: |                 |
[[0;32m  OK  [0m] Started Daily apt upgrade and clean activities.
[[0;32m  OK  [0m] Reached target Timers.
[   26.228963] cloud-init[947]: |                 |
[   26.334413] cloud-init[947]: +----[SHA256]-----+
[   26.334927] cloud-init[947]: Generating public/private ecdsa key pair.
[[0;32m  OK  [0m] Listening on LXD - unix socket.
[   26.335059] cloud-init[947]: Your identification has been saved in /etc/ssh/ssh_host_ecdsa_key.
[   26.381752] cloud-init[947]: Your public key has been saved in /etc/ssh/ssh_host_ecdsa_key.pub.
[[0;32m  OK  [0m] Listening on Socket activation for snappy daemon.
[   26.382297] cloud-init[947]: The key fingerprint is:
[   26.434064] cloud-init[947]: SHA256:jzvUXG4L7CqRx2zZ+HfCRchx0IewtukeKy8NucgPzKs root@ubuntu-xenial
[   26.434459] cloud-init[947]: The key's randomart image is:
[[0;32m  OK  [0m] Reached target Sockets.
[   26.435384] cloud-init[947]: +---[ECDSA 256]---+
[   26.504377] cloud-init[947]: |            o+ . |
[   26.504713] cloud-init[947]: |            ..+ .|
[[0;32m  OK  [0m] Reached target Basic System.
[   26.504840] cloud-init[947]: |           .o+ . |
[   26.535280] cloud-init[947]: |           .+o.  |
[   26.588379] cloud-init[947]: |       +SB +o.   |
[   26.588663] cloud-init[947]: |      ooOoO.o .  |
[[0;32m  OK  [0m] Started Deferred execution scheduler.
[   26.588800] cloud-init[947]: |       *=+.Boo   |
[   26.659399] cloud-init[947]: |      . ++*.*o.  |
[   26.659855] cloud-init[947]: |      Eo++.=+o   |
         Starting LXD - container startup/shutdown...
[[   26.660080] cloud-init[947]: +----[SHA256]-----+
[   26.681832] cloud-init[947]: Generating public/private ed25519 key pair.
[0;32m  OK  [0m] Started Unattended Upgrades Shutdown.
[   26.682712] cloud-init[947]: Your identification has been saved in /etc/ssh/ssh_host_ed25519_key.
[   26.782660] cloud-init[947]: Your public key has been saved in /etc/ssh/ssh_host_ed25519_key.pub.
         Starting LSB: Record successful boot for GRUB...
[   26.783130] cloud-init[947]: The key fingerprint is:
[   26.849752] cloud-init[947]: SHA256:vcy1XUfbZnnsLFzIGIjA9ve9wUdHkIDpjE+BaBxTXnk root@ubuntu-xenial
[   26.872770] cloud-init[947]: The key's randomart image is:
[   26.873164] cloud-init[947]: +--[ED25519 256]--+
[[0;32m  OK  [0m] Started D-Bus System Message Bus.
[   26.873354] cloud-init[947]: |     o++...+...o |
[   26.982995] cloud-init[947]: |      *+.o=.E . .|
[   27.001319] cloud-init[947]: |     o .o+.o.  ..|
[   27.024428] cloud-init[947]: |        o.=  + +*|
[   27.052008] cloud-init[947]: |        S+..ooo+@|
[   27.053948] cloud-init[947]: |         o.o.++B+|
[   27.059914] cloud-init[947]: |          + . ++o|
[   27.068426] cloud-init[947]: |              .. |
[   27.096327] cloud-init[947]: |                 |
[   27.127854] cloud-init[947]: +----[SHA256]-----+
         Starting Pollinate to seed the pseudo random number generator...
         Starting /etc/rc.local Compatibility...
         Starting Login Service...
[[0;32m  OK  [0m] Started FUSE filesystem for LXC.
         Starting Apply the settings specified in cloud-config...
[[0;32m  OK  [0m] Started ACPI event daemon.
         Starting Accounts Service...
         Starting Snappy daemon...
         Starting System Logging Service...
[[0;32m  OK  [0m] Started Regular background program processing daemon.
         Starting LSB: MD monitoring daemon...
[[0;32m  OK  [0m] Started iSCSI initiator daemon (iscsid).
[[0;32m  OK  [0m] Started /etc/rc.local Compatibility.
         Starting Login to default iSCSI targets...
[[0;32m  OK  [0m] Started Login Service.
[[0;32m  OK  [0m] Started LSB: Record successful boot for GRUB.
[[0;32m  OK  [0m] Started Login to default iSCSI targets.
[[0;32m  OK  [0m] Reached target Remote File Systems (Pre).
[[0;32m  OK  [0m] Reached target Remote File Systems.
         Starting LSB: daemon to balance interrupts for SMP systems...
         Starting LSB: VirtualBox Linux Additions...
         Starting Permit User Sessions...
         Starting LSB: Set the CPU Frequency Scaling governor to "ondemand"...
         Starting LSB: automatic crash report generation...
[[0;32m  OK  [0m] Started Permit User Sessions.
[[0;32m  OK  [0m] Started System Logging Service.
         Starting Terminate Plymouth Boot Screen...
         Starting Hold until boot process finishes up...
[[0;32m  OK  [0m] Started LSB: MD monitoring daemon.
[[0;32m  OK  [0m] Started LSB: Set the CPU Frequency Scaling governor to "ondemand".
[[0;32m  OK  [0m] Started Terminate Plymouth Boot Screen.
[[0;32m  OK  [0m] Started Hold until boot process finishes up.
         Starting Set console scheme...
[[0;32m  OK  [0m] Started Getty on tty1.
[[0;32m  OK  [0m] Started Serial Getty on ttyS0.
[[0;32m  OK  [0m] Reached target Login Prompts.
[[0;32m  OK  [0m] Started LSB: automatic crash report generation.
[[0;32m  OK  [0m] Started LSB: daemon to balance interrupts for SMP systems.
[   29.750515] cloud-init[1078]: Generating locales (this might take a while)...
[[0;32m  OK  [0m] Started Set console scheme.
         Starting Authenticate and Authorize Users to Run Privileged Tasks...
[[0;32m  OK  [0m] Started LXD - container startup/shutdown.
[[0;32m  OK  [0m] Started LSB: VirtualBox Linux Additions.
[[0;32m  OK  [0m] Started Authenticate and Authorize Users to Run Privileged Tasks.
[[0;32m  OK  [0m] Started Accounts Service.
[[0;32m  OK  [0m] Started Snappy daemon.
[   32.163091] cloud-init[1078]:   en_US.UTF-8... done
[   32.177448] cloud-init[1078]: Generation complete.
[[0;32m  OK  [0m] Started Pollinate to seed the pseudo random number generator.
         Starting OpenBSD Secure Shell server...
[[0;32m  OK  [0m] Started OpenBSD Secure Shell server.
[[0;32m  OK  [0m] Reached target Multi-User System.
[[0;32m  OK  [0m] Reached target Graphical Interface.
         Starting Update UTMP about System Runlevel Changes...
[[0;32m  OK  [0m] Started Update UTMP about System Runlevel Changes.
[[0;32m  OK  [0m] Created slice User Slice of vagrant.
         Starting User Manager for UID 1000...
[[0;32m  OK  [0m] Started Session 1 of user vagrant.
[[0;32m  OK  [0m] Started User Manager for UID 1000.
[   34.719425] cloud-init[1078]: Cloud-init v. 17.1 running 'modules:config' at Fri, 20 Jul 2018 10:55:30 +0000. Up 28.44 seconds.
ci-info: no authorized ssh keys fingerprints found for user ubuntu.
<14>Jul 20 10:55:37 ec2: 
<14>Jul 20 10:55:37 ec2: #############################################################
<14>Jul 20 10:55:37 ec2: -----BEGIN SSH HOST KEY FINGERPRINTS-----
<14>Jul 20 10:55:37 ec2: 1024 SHA256:VDY8RAXawTwL7xQTNhAQphs1RxsE9IkOWCc71XIOocg root@ubuntu-xenial (DSA)
<14>Jul 20 10:55:37 ec2: 256 SHA256:jzvUXG4L7CqRx2zZ+HfCRchx0IewtukeKy8NucgPzKs root@ubuntu-xenial (ECDSA)
<14>Jul 20 10:55:37 ec2: 256 SHA256:vcy1XUfbZnnsLFzIGIjA9ve9wUdHkIDpjE+BaBxTXnk root@ubuntu-xenial (ED25519)
<14>Jul 20 10:55:37 ec2: 2048 SHA256:l/GT3RP8xKv0AYNpk2WXZ7zf/zWcMyT5hByXzOSsYv0 root@ubuntu-xenial (RSA)
<14>Jul 20 10:55:37 ec2: -----END SSH HOST KEY FINGERPRINTS-----
<14>Jul 20 10:55:37 ec2: #############################################################
-----BEGIN SSH HOST KEY KEYS-----
ecdsa-sha2-nistp256 AAAAE2VjZHNhLXNoYTItbmlzdHAyNTYAAAAIbmlzdHAyNTYAAABBBAq1DYjW5YkRiRUVShvkCP4NIJv1rpzfE3dSfsgguhuqIyHfg1b3j2NqdlBTw7KC+iWQTiCzzBsWwfxf/JeIE0o= root@ubuntu-xenial
ssh-ed25519 AAAAC3NzaC1lZDI1NTE5AAAAIG2P96CjS8JUmGOP3//m4K0QqNglf/qDcM2LCrVG/BPH root@ubuntu-xenial
ssh-rsa AAAAB3NzaC1yc2EAAAADAQABAAABAQC0G298eR6dFt59jkeSU8My2ohlKyJalI1vzVYA3oWPsu1hVHI1aV+Kk9vZHYGTTd58Qs1JWDWVfFXq34LlBLzlNfBqvtdFEMMTH5Jlg+VnDsOdBCh4Rn+TeKeO4nzgLIdxH2NvR6IJUwwJheDG4hAdaPAm/M5DyTd7+z4VXT6vmsx4BjlGhdJZlETlOmC0QX/j6J4z/XEEK2lwEV2KfpDFyWcerGNuJOfTRF12bArGq561NqZgmYkZ/68PJe/EmLqcGs2ogNVPH+VAC7QJ4d92hg+7mrWgPeZsQp5o4eA/37YNKKU+/ow2OlQJKTC3utkOTZVQ170Y/b0iPXXa/rfR root@ubuntu-xenial
-----END SSH HOST KEY KEYS-----

[   35.629530] cloud-init[1372]: Cloud-init v. 17.1 running 'modules:final' at Fri, 20 Jul 2018 10:55:37 +0000. Up 35.24 seconds.
[   35.630256] cloud-init[1372]: ci-info: no authorized ssh keys fingerprints found for user ubuntu.
[   35.630522] cloud-init[1372]: Cloud-init v. 17.1 finished at Fri, 20 Jul 2018 10:55:37 +0000. Datasource DataSourceNoCloud [seed=/dev/sdb][dsmode=net].  Up 35.61 seconds
Ubuntu 16.04.3 LTS ubuntu-xenial ttyS0

ubuntu-xenial login: 