[    0.000000] Initializing cgroup subsys cpuset
[    0.000000] Initializing cgroup subsys cpu
[    0.000000] Initializing cgroup subsys cpuacct
[    0.000000] Linux version 4.4.0-112-generic (buildd@lgw01-amd64-010) (gcc version 5.4.0 20160609 (Ubuntu 5.4.0-6ubuntu1~16.04.5) ) #135-Ubuntu SMP Fri Jan 19 11:48:36 UTC 2018 (Ubuntu 4.4.0-112.135-generic 4.4.98)
[    0.000000] Command line: BOOT_IMAGE=/boot/vmlinuz-4.4.0-112-generic root=LABEL=cloudimg-rootfs ro console=tty1 console=ttyS0
[    0.000000] KERNEL supported cpus:
[    0.000000]   Intel GenuineIntel
[    0.000000]   AMD AuthenticAMD
[    0.000000]   Centaur CentaurHauls
[    0.000000] x86/fpu: xstate_offset[2]:  576, xstate_sizes[2]:  256
[    0.000000] x86/fpu: Supporting XSAVE feature 0x01: 'x87 floating point registers'
[    0.000000] x86/fpu: Supporting XSAVE feature 0x02: 'SSE registers'
[    0.000000] x86/fpu: Supporting XSAVE feature 0x04: 'AVX registers'
[    0.000000] x86/fpu: Enabled xstate features 0x7, context size is 832 bytes, using 'standard' format.
[    0.000000] x86/fpu: Using 'lazy' FPU context switches.
[    0.000000] e820: BIOS-provided physical RAM map:
[    0.000000] BIOS-e820: [mem 0x0000000000000000-0x000000000009fbff] usable
[    0.000000] BIOS-e820: [mem 0x000000000009fc00-0x000000000009ffff] reserved
[    0.000000] BIOS-e820: [mem 0x00000000000f0000-0x00000000000fffff] reserved
[    0.000000] BIOS-e820: [mem 0x0000000000100000-0x000000001ffeffff] usable
[    0.000000] BIOS-e820: [mem 0x000000001fff0000-0x000000001fffffff] ACPI data
[    0.000000] BIOS-e820: [mem 0x00000000fec00000-0x00000000fec00fff] reserved
[    0.000000] BIOS-e820: [mem 0x00000000fee00000-0x00000000fee00fff] reserved
[    0.000000] BIOS-e820: [mem 0x00000000fffc0000-0x00000000ffffffff] reserved
[    0.000000] NX (Execute Disable) protection: active
[    0.000000] SMBIOS 2.5 present.
[    0.000000] Hypervisor detected: KVM
[    0.000000] e820: last_pfn = 0x1fff0 max_arch_pfn = 0x400000000
[    0.000000] MTRR: Disabled
[    0.000000] x86/PAT: MTRRs disabled, skipping PAT initialization too.
[    0.000000] CPU MTRRs all blank - virtualized system.
[    0.000000] x86/PAT: Configuration [0-7]: WB  WT  UC- UC  WB  WT  UC- UC  
[    0.000000] found SMP MP-table at [mem 0x0009fff0-0x0009ffff] mapped at [ffff88000009fff0]
[    0.000000] Scanning 1 areas for low memory corruption
[    0.000000] RAMDISK: [mem 0x1ecf4000-0x1f77dfff]
[    0.000000] ACPI: Early table checksum verification disabled
[    0.000000] ACPI: RSDP 0x00000000000E0000 000024 (v02 VBOX  )
[    0.000000] ACPI: XSDT 0x000000001FFF0030 00003C (v01 VBOX   VBOXXSDT 00000001 ASL  00000061)
[    0.000000] ACPI: FACP 0x000000001FFF00F0 0000F4 (v04 VBOX   VBOXFACP 00000001 ASL  00000061)
[    0.000000] ACPI: DSDT 0x000000001FFF0470 0021FF (v02 VBOX   VBOXBIOS 00000002 INTL 20160108)
[    0.000000] ACPI: FACS 0x000000001FFF0200 000040
[    0.000000] ACPI: FACS 0x000000001FFF0200 000040
[    0.000000] ACPI: APIC 0x000000001FFF0240 00005C (v02 VBOX   VBOXAPIC 00000001 ASL  00000061)
[    0.000000] ACPI: SSDT 0x000000001FFF02A0 0001CC (v01 VBOX   VBOXCPUT 00000002 INTL 20160108)
[    0.000000] No NUMA configuration found
[    0.000000] Faking a node at [mem 0x0000000000000000-0x000000001ffeffff]
[    0.000000] NODE_DATA(0) allocated [mem 0x1ffeb000-0x1ffeffff]
[    0.000000] kvm-clock: Using msrs 4b564d01 and 4b564d00
[    0.000000] kvm-clock: cpu 0, msr 0:1ffe3001, primary cpu clock
[    0.000000] kvm-clock: using sched offset of 3223138838 cycles
[    0.000000] clocksource: kvm-clock: mask: 0xffffffffffffffff max_cycles: 0x1cd42e4dffb, max_idle_ns: 881590591483 ns
[    0.000000] Zone ranges:
[    0.000000]   DMA      [mem 0x0000000000001000-0x0000000000ffffff]
[    0.000000]   DMA32    [mem 0x0000000001000000-0x000000001ffeffff]
[    0.000000]   Normal   empty
[    0.000000]   Device   empty
[    0.000000] Movable zone start for each node
[    0.000000] Early memory node ranges
[    0.000000]   node   0: [mem 0x0000000000001000-0x000000000009efff]
[    0.000000]   node   0: [mem 0x0000000000100000-0x000000001ffeffff]
[    0.000000] Initmem setup node 0 [mem 0x0000000000001000-0x000000001ffeffff]
[    0.000000] ACPI: PM-Timer IO Port: 0x4008
[    0.000000] IOAPIC[0]: apic_id 2, version 32, address 0xfec00000, GSI 0-23
[    0.000000] ACPI: INT_SRC_OVR (bus 0 bus_irq 0 global_irq 2 dfl dfl)
[    0.000000] ACPI: INT_SRC_OVR (bus 0 bus_irq 9 global_irq 9 high level)
[    0.000000] Using ACPI (MADT) for SMP configuration information
[    0.000000] smpboot: Allowing 2 CPUs, 0 hotplug CPUs
[    0.000000] PM: Registered nosave memory: [mem 0x00000000-0x00000fff]
[    0.000000] PM: Registered nosave memory: [mem 0x0009f000-0x0009ffff]
[    0.000000] PM: Registered nosave memory: [mem 0x000a0000-0x000effff]
[    0.000000] PM: Registered nosave memory: [mem 0x000f0000-0x000fffff]
[    0.000000] e820: [mem 0x20000000-0xfebfffff] available for PCI devices
[    0.000000] Booting paravirtualized kernel on KVM
[    0.000000] clocksource: refined-jiffies: mask: 0xffffffff max_cycles: 0xffffffff, max_idle_ns: 7645519600211568 ns
[    0.000000] setup_percpu: NR_CPUS:512 nr_cpumask_bits:512 nr_cpu_ids:2 nr_node_ids:1
[    0.000000] PERCPU: Embedded 34 pages/cpu @ffff88001fc00000 s99544 r8192 d31528 u1048576
[    0.000000] PV qspinlock hash table entries: 256 (order: 0, 4096 bytes)
[    0.000000] Built 1 zonelists in Node order, mobility grouping on.  Total pages: 128889
[    0.000000] Policy zone: DMA32
[    0.000000] Kernel command line: BOOT_IMAGE=/boot/vmlinuz-4.4.0-112-generic root=LABEL=cloudimg-rootfs ro console=tty1 console=ttyS0
[    0.000000] PID hash table entries: 2048 (order: 2, 16384 bytes)
[    0.000000] Memory: 485660K/523832K available (8499K kernel code, 1309K rwdata, 3988K rodata, 1508K init, 1316K bss, 38172K reserved, 0K cma-reserved)
[    0.000000] SLUB: HWalign=64, Order=0-3, MinObjects=0, CPUs=2, Nodes=1
[    0.000000] Kernel/User page tables isolation: enabled
[    0.000000] Hierarchical RCU implementation.
[    0.000000] 	Build-time adjustment of leaf fanout to 64.
[    0.000000] 	RCU restricting CPUs from NR_CPUS=512 to nr_cpu_ids=2.
[    0.000000] RCU: Adjusting geometry for rcu_fanout_leaf=64, nr_cpu_ids=2
[    0.000000] NR_IRQS:33024 nr_irqs:440 16
[    0.000000] Console: colour VGA+ 80x25
[    0.000000] console [tty1] enabled
[    0.000000] console [ttyS0] enabled
[    0.000000] tsc: Detected 2194.918 MHz processor
[    0.323238] Calibrating delay loop (skipped) preset value.. 4389.83 BogoMIPS (lpj=8779672)
[    0.324874] pid_max: default: 32768 minimum: 301
[    0.325699] ACPI: Core revision 20150930
[    0.327551] ACPI: 2 ACPI AML tables successfully acquired and loaded
[    0.358202] Security Framework initialized
[    0.358977] Yama: becoming mindful.
[    0.359676] AppArmor: AppArmor initialized
[    0.360500] Dentry cache hash table entries: 65536 (order: 7, 524288 bytes)
[    0.361696] Inode-cache hash table entries: 32768 (order: 6, 262144 bytes)
[    0.362842] Mount-cache hash table entries: 1024 (order: 1, 8192 bytes)
[    0.363902] Mountpoint-cache hash table entries: 1024 (order: 1, 8192 bytes)
[    0.367368] Initializing cgroup subsys io
[    0.386079] Initializing cgroup subsys memory
[    0.393437] Initializing cgroup subsys devices
[    0.394296] Initializing cgroup subsys freezer
[    0.395457] Initializing cgroup subsys net_cls
[    0.398639] Initializing cgroup subsys perf_event
[    0.404971] Initializing cgroup subsys net_prio
[    0.405831] Initializing cgroup subsys hugetlb
[    0.406810] Initializing cgroup subsys pids
[    0.407733] CPU: Physical Processor ID: 0
[    0.408554] CPU: Processor Core ID: 0
[    0.409310] FEATURE SPEC_CTRL Not Present
[    0.411152] mce: CPU supports 0 MCE banks
[    0.412105] Last level iTLB entries: 4KB 64, 2MB 8, 4MB 8
[    0.453738] Last level dTLB entries: 4KB 64, 2MB 0, 4MB 0, 1GB 4
[    0.478201] Freeing SMP alternatives memory: 32K
[    0.507593] ftrace: allocating 32180 entries in 126 pages
[    0.584519] smpboot: APIC(0) Converting physical 0 to logical package 0
[    0.620252] smpboot: Max logical packages: 1
[    0.624906] x2apic enabled
[    0.627555] Switched APIC routing to physical x2apic.
[    0.630411] ..TIMER: vector=0x30 apic1=0 pin1=2 apic2=-1 pin2=-1
[    0.754709] smpboot: CPU0: Intel(R) Core(TM) i5-5200U CPU @ 2.20GHz (family: 0x6, model: 0x3d, stepping: 0x4)
[    0.757802] Performance Events: unsupported p6 CPU model 61 no PMU driver, software events only.
[    0.759586] KVM setup paravirtual spinlock
[    0.761235] x86: Booting SMP configuration:
[    0.764037] .... node  #0, CPUs:      #1
[    0.767225] kvm-clock: cpu 1, msr 0:1ffe3041, secondary cpu clock
[    0.772044] mce: CPU supports 0 MCE banks
[    0.774615] x86: Booted up 1 node, 2 CPUs
[    0.786693] smpboot: Total of 2 processors activated (8779.67 BogoMIPS)
[    0.800607] devtmpfs: initialized
[    0.833595] evm: security.selinux
[    0.847221] evm: security.SMACK64
[    0.853248] evm: security.SMACK64EXEC
[    0.854018] evm: security.SMACK64TRANSMUTE
[    0.854912] evm: security.SMACK64MMAP
[    0.855664] evm: security.ima
[    0.856320] evm: security.capability
[    0.857304] clocksource: jiffies: mask: 0xffffffff max_cycles: 0xffffffff, max_idle_ns: 7645041785100000 ns
[    0.859129] futex hash table entries: 512 (order: 3, 32768 bytes)
[    0.860355] pinctrl core: initialized pinctrl subsystem
[    0.869318] RTC time: 13:10:51, date: 08/11/18
[    0.887361] NET: Registered protocol family 16
[    0.899158] cpuidle: using governor ladder
[    0.951033] cpuidle: using governor menu
[    1.000166] PCCT header not found.
[    1.027493] ACPI: bus type PCI registered
[    1.028305] acpiphp: ACPI Hot Plug PCI Controller Driver version: 0.5
[    1.029599] PCI: Using configuration type 1 for base access
[    1.043603] ACPI: Added _OSI(Module Device)
[    1.049734] ACPI: Added _OSI(Processor Device)
[    1.050627] ACPI: Added _OSI(3.0 _SCP Extensions)
[    1.051597] ACPI: Added _OSI(Processor Aggregator Device)
[    1.053331] ACPI: Executed 1 blocks of module-level executable AML code
[    1.057620] ACPI: Interpreter enabled
[    1.059525] ACPI: (supports S0 S5)
[    1.060300] ACPI: Using IOAPIC for interrupt routing
[    1.061386] PCI: Using host bridge windows from ACPI; if necessary, use "pci=nocrs" and report a bug
[    1.066675] ACPI: PCI Root Bridge [PCI0] (domain 0000 [bus 00-ff])
[    1.068929] acpi PNP0A03:00: _OSC: OS supports [ASPM ClockPM Segments MSI]
[    1.070130] acpi PNP0A03:00: _OSC: not requesting OS control; OS requires [ExtendedConfig ASPM ClockPM MSI]
[    1.072025] acpi PNP0A03:00: fail to add MMCONFIG information, can't access extended PCI configuration space under this bridge.
[    1.075889] PCI host bridge to bus 0000:00
[    1.076716] pci_bus 0000:00: root bus resource [io  0x0000-0x0cf7 window]
[    1.077880] pci_bus 0000:00: root bus resource [io  0x0d00-0xffff window]
[    1.079137] pci_bus 0000:00: root bus resource [mem 0x000a0000-0x000bffff window]
[    1.080696] pci_bus 0000:00: root bus resource [mem 0x20000000-0xffdfffff window]
[    1.082167] pci_bus 0000:00: root bus resource [bus 00-ff]
[    1.084770] pci 0000:00:01.1: legacy IDE quirk: reg 0x10: [io  0x01f0-0x01f7]
[    1.087565] pci 0000:00:01.1: legacy IDE quirk: reg 0x14: [io  0x03f6]
[    1.088748] pci 0000:00:01.1: legacy IDE quirk: reg 0x18: [io  0x0170-0x0177]
[    1.089981] pci 0000:00:01.1: legacy IDE quirk: reg 0x1c: [io  0x0376]
[    1.105333] pci 0000:00:07.0: quirk: [io  0x4000-0x403f] claimed by PIIX4 ACPI
[    1.122128] pci 0000:00:07.0: quirk: [io  0x4100-0x410f] claimed by PIIX4 SMB
[    1.147717] ACPI: PCI Interrupt Link [LNKA] (IRQs 5 9 10 *11)
[    1.169350] ACPI: PCI Interrupt Link [LNKB] (IRQs 5 9 10 *11)
[    1.171968] ACPI: PCI Interrupt Link [LNKC] (IRQs 5 9 *10 11)
[    1.173484] ACPI: PCI Interrupt Link [LNKD] (IRQs 5 *9 10 11)
[    1.176138] ACPI: Enabled 2 GPEs in block 00 to 07
[    1.177519] vgaarb: setting as boot device: PCI:0000:00:02.0
[    1.178535] vgaarb: device added: PCI:0000:00:02.0,decodes=io+mem,owns=io+mem,locks=none
[    1.181253] vgaarb: loaded
[    1.181874] vgaarb: bridge control possible 0000:00:02.0
[    1.183167] SCSI subsystem initialized
[    1.184089] ACPI: bus type USB registered
[    1.184977] usbcore: registered new interface driver usbfs
[    1.186038] usbcore: registered new interface driver hub
[    1.187089] usbcore: registered new device driver usb
[    1.188314] PCI: Using ACPI for IRQ routing
[    1.189482] NetLabel: Initializing
[    1.191340] NetLabel:  domain hash size = 128
[    1.192190] NetLabel:  protocols = UNLABELED CIPSOv4
[    1.193132] NetLabel:  unlabeled traffic allowed by default
[    1.194311] amd_nb: Cannot enumerate AMD northbridges
[    1.195364] clocksource: Switched to clocksource kvm-clock
[    1.205113] AppArmor: AppArmor Filesystem Enabled
[    1.207523] pnp: PnP ACPI init
[    1.209014] pnp: PnP ACPI: found 3 devices
[    1.220603] clocksource: acpi_pm: mask: 0xffffff max_cycles: 0xffffff, max_idle_ns: 2085701024 ns
[    1.238959] NET: Registered protocol family 2
[    1.253321] TCP established hash table entries: 4096 (order: 3, 32768 bytes)
[    1.312289] TCP bind hash table entries: 4096 (order: 4, 65536 bytes)
[    1.340980] TCP: Hash tables configured (established 4096 bind 4096)
[    1.342090] UDP hash table entries: 256 (order: 1, 8192 bytes)
[    1.343069] UDP-Lite hash table entries: 256 (order: 1, 8192 bytes)
[    1.344202] NET: Registered protocol family 1
[    1.360900] pci 0000:00:00.0: Limiting direct PCI/PCI transfers
[    1.361954] pci 0000:00:01.0: Activating ISA DMA hang workarounds
[    1.392510] Unpacking initramfs...
[    3.406397] Freeing initrd memory: 10792K
[    3.408917] RAPL PMU detected, API unit is 2^-32 Joules, 4 fixed counters 10737418240 ms ovfl timer
[    3.410736] hw unit of domain pp0-core 2^-0 Joules
[    3.411701] hw unit of domain package 2^-0 Joules
[    3.412662] hw unit of domain dram 2^-0 Joules
[    3.413548] hw unit of domain pp1-gpu 2^-0 Joules
[    3.414584] platform rtc_cmos: registered platform RTC device (no PNP device found)
[    3.416189] Scanning for low memory corruption every 60 seconds
[    3.417911] audit: initializing netlink subsys (disabled)
[    3.436521] audit: type=2000 audit(1533993057.297:1): initialized
[    3.439616] Initialise system trusted keyring
[    3.441243] HugeTLB registered 2 MB page size, pre-allocated 0 pages
[    3.450261] zbud: loaded
[    3.464742] VFS: Disk quotas dquot_6.6.0
[    3.468449] VFS: Dquot-cache hash table entries: 512 (order 0, 4096 bytes)
[    3.470180] squashfs: version 4.0 (2009/01/31) Phillip Lougher
[    3.471773] fuse init (API version 7.23)
[    3.477600] Key type big_key registered
[    3.483336] Allocating IMA MOK and blacklist keyrings.
[    3.486797] Key type asymmetric registered
[    3.533962] Asymmetric key parser 'x509' registered
[    3.573827] Block layer SCSI generic (bsg) driver version 0.4 loaded (major 249)
[    3.584621] io scheduler noop registered
[    3.586096] io scheduler deadline registered (default)
[    3.587835] io scheduler cfq registered
[    3.588943] pci_hotplug: PCI Hot Plug PCI Core version: 0.5
[    3.589976] pciehp: PCI Express Hot Plug Controller Driver version: 0.4
[    3.591325] ACPI: AC Adapter [AC] (on-line)
[    3.592251] input: Power Button as /devices/LNXSYSTM:00/LNXPWRBN:00/input/input0
[    3.593792] ACPI: Power Button [PWRF]
[    3.594602] input: Sleep Button as /devices/LNXSYSTM:00/LNXSLPBN:00/input/input1
[    3.596088] ACPI: Sleep Button [SLPF]
[    3.597128] GHES: HEST is not enabled!
[    3.597761] ACPI: Battery Slot [BAT0] (battery present)
[    3.599001] Serial: 8250/16550 driver, 32 ports, IRQ sharing enabled
[    3.624521] 00:02: ttyS0 at I/O 0x3f8 (irq = 4, base_baud = 115200) is a 16550A
[    3.641551] Linux agpgart interface v0.103
[    3.692060] loop: module loaded
[    3.698698] scsi host0: ata_piix
[    3.704116] scsi host1: ata_piix
[    3.704865] ata1: PATA max UDMA/33 cmd 0x1f0 ctl 0x3f6 bmdma 0xd000 irq 14
[    3.706068] ata2: PATA max UDMA/33 cmd 0x170 ctl 0x376 bmdma 0xd008 irq 15
[    3.708466] libphy: Fixed MDIO Bus: probed
[    3.710414] tun: Universal TUN/TAP device driver, 1.6
[    3.711371] tun: (C) 1999-2004 Max Krasnyansky <maxk@qualcomm.com>
[    3.712578] PPP generic driver version 2.4.2
[    3.714813] ehci_hcd: USB 2.0 'Enhanced' Host Controller (EHCI) Driver
[    3.716013] ehci-pci: EHCI PCI platform driver
[    3.716888] ehci-platform: EHCI generic platform driver
[    3.717857] ohci_hcd: USB 1.1 'Open' Host Controller (OHCI) Driver
[    3.718940] ohci-pci: OHCI PCI platform driver
[    3.719886] ohci-platform: OHCI generic platform driver
[    3.739707] uhci_hcd: USB Universal Host Controller Interface driver
[    3.744075] i8042: PNP: PS/2 Controller [PNP0303:PS2K,PNP0f03:PS2M] at 0x60,0x64 irq 1,12
[    3.746156] serio: i8042 KBD port at 0x60,0x64 irq 1
[    3.747093] serio: i8042 AUX port at 0x60,0x64 irq 12
[    3.748237] mousedev: PS/2 mouse device common for all mice
[    3.749526] input: AT Translated Set 2 keyboard as /devices/platform/i8042/serio0/input/input2
[    3.751534] rtc_cmos rtc_cmos: rtc core: registered rtc_cmos as rtc0
[    3.752692] rtc_cmos rtc_cmos: alarms up to one day, 114 bytes nvram
[    3.792956] i2c /dev entries driver
[    3.832982] device-mapper: uevent: version 1.0.3
[    3.879965] device-mapper: ioctl: 4.34.0-ioctl (2015-10-28) initialised: dm-devel@redhat.com
[    3.929780] ledtrig-cpu: registered to indicate activity on CPUs
[    3.932448] NET: Registered protocol family 10
[    3.933461] NET: Registered protocol family 17
[    3.934294] Key type dns_resolver registered
[    3.935280] microcode: CPU0 sig=0x306d4, pf=0x40, revision=0x0
[    3.936309] microcode: CPU1 sig=0x306d4, pf=0x40, revision=0x0
[    3.937481] microcode: Microcode Update Driver: v2.01 <tigran@aivazian.fsnet.co.uk>, Peter Oruba
[    3.941207] registered taskstats version 1
[    3.941995] Loading compiled-in X.509 certificates
[    3.944642] Loaded X.509 cert 'Build time autogenerated kernel key: 4c603087bab8f0a02cb3b4e1fb4c40f507e71ef1'
[    3.946351] zswap: loaded using pool lzo/zbud
[    3.949317] Key type trusted registered
[    3.960505] Key type encrypted registered
[    3.999874] AppArmor: AppArmor sha1 policy hashing enabled
[    4.014636] ima: No TPM chip found, activating TPM-bypass!
[    4.015684] evm: HMAC attrs: 0x1
[    4.016632]   Magic number: 14:831:179
[    4.017449] rtc_cmos rtc_cmos: setting system clock to 2018-08-11 13:10:54 UTC (1533993054)
[    4.019061] BIOS EDD facility v0.16 2004-Jun-25, 0 devices found
[    4.028261] EDD information not available.
[    4.032443] Freeing unused kernel memory: 1508K
[    4.079803] Write protecting the kernel read-only data: 14336k
[    4.128733] Freeing unused kernel memory: 1728K
[    4.176196] Freeing unused kernel memory: 108K
Loading, please wait...
[    4.196776] random: systemd-udevd: uninitialized urandom read (16 bytes read, 3 bits of entropy available)
starting version[    4.197588] random: udevadm: uninitialized urandom read (16 bytes read, 3 bits of entropy available)
 229
[    4.197614] random: udevadm: uninitialized urandom read (16 bytes read, 3 bits of entropy available)
[    4.210499] random: udevadm: uninitialized urandom read (16 bytes read, 3 bits of entropy available)
[    4.210554] random: udevadm: uninitialized urandom read (16 bytes read, 3 bits of entropy available)
[    4.210745] random: udevadm: uninitialized urandom read (16 bytes read, 3 bits of entropy available)
[    4.210818] random: udevadm: uninitialized urandom read (16 bytes read, 3 bits of entropy available)
[    4.210892] random: udevadm: uninitialized urandom read (16 bytes read, 3 bits of entropy available)
[    4.210963] random: udevadm: uninitialized urandom read (16 bytes read, 3 bits of entropy available)
[    4.211032] random: udevadm: uninitialized urandom read (16 bytes read, 3 bits of entropy available)
[    4.412726] tsc: Refined TSC clocksource calibration: 2196.898 MHz
[    4.441052] clocksource: tsc: mask: 0xffffffffffffffff max_cycles: 0x1faac07d40d, max_idle_ns: 440795231339 ns
[    4.502438] e1000: Intel(R) PRO/1000 Network Driver - version 7.3.21-k8-NAPI
[    4.511914] e1000: Copyright (c) 1999-2006 Intel Corporation.
[    4.521033] Fusion MPT base driver 3.04.20
[    4.522659] Copyright (c) 1999-2008 LSI Corporation
[    4.532375] Fusion MPT SPI Host driver 3.04.20
[    4.535811] mptbase: ioc0: Initiating bringup
[    4.564194] AVX version of gcm_enc/dec engaged.
[    4.590858] AES CTR mode by8 optimization enabled
[    4.601769] ioc0: LSI53C1030 A0: Capabilities={Initiator}
[    4.726987] input: ImExPS/2 Generic Explorer Mouse as /devices/platform/i8042/serio1/input/input4
[    4.800892] scsi host2: ioc0: LSI53C1030 A0, FwRev=00000000h, Ports=1, MaxQ=256, IRQ=20
[    4.915833] scsi 2:0:0:0: Direct-Access     VBOX     HARDDISK         1.0  PQ: 0 ANSI: 5
[    4.925864] scsi target2:0:0: Beginning Domain Validation
[    4.935632] scsi target2:0:0: Domain Validation skipping write tests
[    4.940530] scsi target2:0:0: Ending Domain Validation
[    4.941625] scsi target2:0:0: asynchronous
[    4.942957] scsi 2:0:1:0: Direct-Access     VBOX     HARDDISK         1.0  PQ: 0 ANSI: 5
[    4.959504] scsi target2:0:1: Beginning Domain Validation
[    4.967994] scsi target2:0:1: Domain Validation skipping write tests
[    4.974516] scsi target2:0:1: Ending Domain Validation
[    4.977756] scsi target2:0:1: asynchronous
[    4.995540] sd 2:0:0:0: Attached scsi generic sg0 type 0
[    5.002109] sd 2:0:0:0: [sda] 20971520 512-byte logical blocks: (10.7 GB/10.0 GiB)
[    5.014214] sd 2:0:1:0: [sdb] 20480 512-byte logical blocks: (10.5 MB/10.0 MiB)
[    5.022804] sd 2:0:1:0: Attached scsi generic sg1 type 0
[    5.025446] sd 2:0:1:0: [sdb] Write Protect is off
[    5.026492] sd 2:0:0:0: [sda] Write Protect is off
[    5.027619] sd 2:0:1:0: [sdb] Incomplete mode parameter data
[    5.028894] sd 2:0:1:0: [sdb] Assuming drive cache: write through
[    5.035751] sd 2:0:0:0: [sda] Incomplete mode parameter data
[    5.036905] sd 2:0:0:0: [sda] Assuming drive cache: write through
[    5.066712]  sda: sda1
[    5.069810] sd 2:0:0:0: [sda] Attached SCSI disk
[    5.104276] sd 2:0:1:0: [sdb] Attached SCSI disk
[    5.283264] e1000 0000:00:03.0 eth0: (PCI:33MHz:32-bit) 02:1f:2a:60:99:e3
[    5.300446] e1000 0000:00:03.0 eth0: Intel(R) PRO/1000 Network Connection
[    5.302694] e1000 0000:00:03.0 enp0s3: renamed from eth0
[    7.519557] floppy0: no floppy controllers found
[    7.612483] work still pending
Begin: Loading e[    9.052912] md: linear personality registered for level -1
ssential drivers ... [    9.084153] md: multipath personality registered for level -4
[    9.090350] md: raid0 personality registered for level 0
[    9.114184] md: raid1 personality registered for level 1
[    9.210341] raid6: sse2x1   gen()  9018 MB/s
[    9.295380] raid6: sse2x1   xor()  6102 MB/s
[    9.380308] raid6: sse2x2   gen() 10204 MB/s
[    9.532008] raid6: sse2x2   xor()  5985 MB/s
[    9.620391] raid6: sse2x4   gen() 10187 MB/s
[    9.831725] raid6: sse2x4   xor()  7499 MB/s
[   10.000825] raid6: using algorithm sse2x2 gen() 10204 MB/s
[   10.071173] raid6: .... xor() 5985 MB/s, rmw enabled
[   10.072055] raid6: using ssse3x2 recovery algorithm
[   10.074607] xor: automatically using best checksumming function:
[   10.115415]    avx       : 15723.000 MB/sec
[   10.125836] async_tx: api initialized (async)
[   10.402959] md: raid6 personality registered for level 6
[   10.530868] md: raid5 personality registered for level 5
[   10.670945] md: raid4 personality registered for level 4
[   10.680195] md: raid10 personality registered for level 10
done.
Begin: Running /scripts/init-premount ... done.
Begin: Mounting root file system ... Begin: Running /scripts/local-top ... done.
Begin: Running /scripts/local-premount ... [   10.725000] Btrfs loaded
Scanning for Btrfs filesystems
done.
Warning: fsck not present, so skipping root file system
[   10.840688] EXT4-fs (sda1): mounted filesystem with ordered data mode. Opts: (null)
done.
Begin: Running /scripts/local-bottom ... done.
Begin: Running /scripts/init-bottom ... done.
[   11.591230] systemd[1]: systemd 229 running in system mode. (+PAM +AUDIT +SELINUX +IMA +APPARMOR +SMACK +SYSVINIT +UTMP +LIBCRYPTSETUP +GCRYPT +GNUTLS +ACL +XZ -LZ4 +SECCOMP +BLKID +ELFUTILS +KMOD -IDN)
[   11.640998] systemd[1]: Detected virtualization oracle.
[   11.691039] systemd[1]: Detected architecture x86-64.
[   11.724854] random: nonblocking pool is initialized

Welcome to [1mUbuntu 16.04.3 LTS[0m!

[   11.895109] systemd[1]: Set hostname to <ubuntu>.
[   12.188127] systemd[1]: Initializing machine ID from random generator.
[   12.211525] systemd[1]: Installed transient /etc/machine-id file.
[   13.494156] systemd[1]: Listening on Journal Socket (/dev/log).
[[0;32m  OK  [0m] Listening on Journal Socket (/dev/log).
[   13.622547] systemd[1]: Listening on Journal Audit Socket.
[[0;32m  OK  [0m] Listening on Journal Audit Socket.
[   13.626197] systemd[1]: Set up automount Arbitrary Executable File Formats File System Automount Point.
[[0;32m  OK  [0m] Set up automount Arbitrary Executab...ats File System Automount Point.
[   13.715795] systemd[1]: Reached target Encrypted Volumes.
[[0;32m  OK  [0m] Reached target Encrypted Volumes.
[   13.723539] systemd[1]: Reached target User and Group Name Lookups.
[[0;32m  OK  [0m] Reached target User and Group Name Lookups.
[   13.728227] systemd[1]: Listening on udev Control Socket.
[[0;32m  OK  [0m] Listening on udev Control Socket.
[   13.732791] systemd[1]: Started Forward Password Requests to Wall Directory Watch.
[[0;32m  OK  [0m] Started Forward Password Requests to Wall Directory Watch.
[   13.735454] systemd[1]: Listening on LVM2 metadata daemon socket.
[[0;32m  OK  [0m] Listening on LVM2 metadata daemon socket.
[   13.737828] systemd[1]: Created slice User and Session Slice.
[[0;32m  OK  [0m] Created slice User and Session Slice.
[   13.739710] systemd[1]: Reached target Swap.
[[0;32m  OK  [0m] Reached target Swap.
[   13.741300] systemd[1]: Listening on Syslog Socket.
[[0;32m  OK  [0m] Listening on Syslog Socket.
[   13.743277] systemd[1]: Created slice System Slice.
[[0;32m  OK  [0m] Created slice System Slice.
[   13.745334] systemd[1]: Created slice system-serial\x2dgetty.slice.
[[0;32m  OK  [0m] Created slice system-serial\x2dgetty.slice.
[   13.747362] systemd[1]: Listening on udev Kernel Socket.
[[0;32m  OK  [0m] Listening on udev Kernel Socket.
[   13.750528] systemd[1]: Listening on LVM2 poll daemon socket.
[[0;32m  OK  [0m] Listening on LVM2 poll daemon socket.
[   13.767897] systemd[1]: Listening on Device-mapper event daemon FIFOs.
[[0;32m  OK  [0m] Listening on Device-mapper event daemon FIFOs.
[   13.920846] systemd[1]: Reached target Slices.
[[0;32m  OK  [0m] Reached target Slices.
[   13.924018] systemd[1]: Listening on Journal Socket.
[[0;32m  OK  [0m] Listening on Journal Socket.
[   14.007820] systemd[1]: Starting Journal Service...
         Starting Journal Service...
[   14.040671] systemd[1]: Starting Uncomplicated firewall...
         Starting Uncomplicated firewall...
[   14.131846] systemd[1]: Starting Remount Root and Kernel File Systems...
[   14.181879] EXT4-fs (sda1): re-mounted. Opts: (null)
         Starting Remount Root and Kernel File Systems...
[   14.189544] systemd[1]: Mounting Debug File System...
         Mounting Debug File System...
[   14.221434] systemd[1]: Starting Create list of required static device nodes for the current kernel...
         Starting Create list of required st... nodes for the current kernel...
[   14.299822] systemd[1]: Mounting POSIX Message Queue File System...
         Mounting POSIX Message Queue File System...
[   14.336894] systemd[1]: Starting Set console keymap...
         Starting Set console keymap...
[   14.372889] systemd[1]: Mounting Huge Pages File System...
         Mounting Huge Pages File System...
[   14.420479] systemd[1]: Starting Load Kernel Modules...
         Starting Load Kernel Modules...
[   14.478198] Loading iSCSI transport class v2.0-870.
[   14.491590] systemd[1]: Starting Nameserver information manager...
         Startin[   14.512338] iscsi: registered transport (tcp)
g Nameserver information manager...
[   14.529471] systemd[1]: Listening on /dev/initctl Compatibility Named Pipe.
[[0;32m  OK  [0m] Listening on /dev/initctl Compatibility Named Pipe.
[   14.552527] systemd[1]: Started Trigger resolvconf update for networkd DNS.
[[0;32m  OK  [0m] Started Trigger resolvconf update for networkd DNS.
[   14.603704] systemd[1]: Starting Monitoring of LVM2 mirrors, snapshots etc. using dmeventd or progress polling...
[   14.620969] iscsi: registered transport (iser)
         Starting Monitoring of LVM2 mirrors... dmeventd or progress polling...
[   14.637182] systemd[1]: Mounted Huge Pages File System.
[[0;32m  OK  [0m] Mounted Huge Pages File System.
[   14.657455] systemd[1]: Mounted Debug File System.
[[0;32m  OK  [0m] Mounted Debug File System.
[   14.662124] systemd[1]: Mounted POSIX Message Queue File System.
[[0;32m  OK  [0m] Mounted POSIX Message Queue File System.
[   14.693975] systemd[1]: Started Journal Service.
[[0;32m  OK  [0m] Started Journal Service.
[[0;32m  OK  [0m] Started Uncomplicated firewall.
[[0;32m  OK  [0m] Started Remount Root and Kernel File Systems.
[[0;32m  OK  [0m] Started Create list of required sta...ce nodes for the current kernel.
[[0;32m  OK  [0m] Started Set console keymap.
[[0;32m  OK  [0m] Started Load Kernel Modules.
[[0;32m  OK  [0m] Started Nameserver information manager.
[[0;32m  OK  [0m] Started LVM2 metadata daemon.
         Starting Apply Kernel Variables...
         Mounting FUSE Control File System...
         Starting Create Static Device Nodes in /dev...
         Starting Load/Save Random Seed...
         Starting Initial cloud-init job (pre-networking)...
         Starting udev Coldplug all Devices...
         Starting Flush Journal to Persistent Storage...
[[0;32m  OK  [0m] Mounted FUSE Control File System.
[[0;32m  OK  [0m] Started Load/Save Random Seed.
[[0;32m  OK  [0m] Started udev Coldplug all Devices.
[   15.221521] systemd-journald[371]: Received request to flush runtime journal from PID 1
[[0;32m  OK  [0m] Started Apply Kernel Variables.
[[0;32m  OK  [0m] Started Flush Journal to Persistent Storage.
[[0;32m  OK  [0m] Started Monitoring of LVM2 mirrors,...ng dmeventd or progress polling.
[[0;32m  OK  [0m] Started Create Static Device Nodes in /dev.
         Starting udev Kernel Device Manager...
[[0;32m  OK  [0m] Started udev Kernel Device Manager.
[[0;32m  OK  [0m] Reached target Local File Systems (Pre).
[[0;32m  OK  [0m] Reached target Local File Systems.
         Starting Commit a transient machine-id on disk...
         Starting LSB: AppArmor initialization...
         Starting Create Volatile Files and Directories...
         Starting Set console font and keymap...
         Starting Tell Plymouth To Write Out Runtime Data...
[[0;32m  OK  [0m] Started Dispatch Password Requests to Console Directory Watch.
[[0;32m  OK  [0m] Started Commit a transient machine-id on disk.
[[0;32m  OK  [0m] Started Create Volatile Files and Directories.
[[0;32m  OK  [0m] Reached target System Time Synchronized.
         Starting Update UTMP about System Boot/Shutdown...
[[0;32m  OK  [0m] Started Tell Plymouth To Write Out Runtime Data.
[[0;32m  OK  [0m] Started Update UTMP about System Boot/Shutdown.
[[0;32m  OK  [0m] Found device /dev/ttyS0.
[[0;32m  OK  [0m] Listening on Load/Save RF Kill Switch Status /dev/rfkill Watch.
[[0;32m  OK  [0m] Started LSB: AppArmor initialization.
[[0;32m  OK  [0m] Started Set console font and keymap.
[[0;32m  OK  [0m] Created slice system-getty.slice.
[   21.378398] cloud-init[439]: Cloud-init v. 17.1 running 'init-local' at Sat, 11 Aug 2018 13:11:12 +0000. Up 20.84 seconds.
[[0;32m  OK  [0m] Started Initial cloud-init job (pre-networking).
[[0;32m  OK  [0m] Reached target Network (Pre).
         Starting Raise network interfaces...
[[0;32m  OK  [0m] Started Raise network interfaces.
[[0;32m  OK  [0m] Reached target Network.
         Starting Initial cloud-init job (metadata service crawler)...
[   25.189926] cloud-init[938]: Cloud-init v. 17.1 running 'init' at Sat, 11 Aug 2018 13:11:13 +0000. Up 22.50 seconds.
[   25.195561] cloud-init[938]: ci-info: +++++++++++++++++++++++++++++++++++++Net device info++++++++++++++++++++++++++++++++++++++
[   25.216891] cloud-init[938]: ci-info: +--------+------+----------------------------+---------------+-------+-------------------+
[   25.231541] cloud-init[938]: ci-info: | Device |  Up  |          Address           |      Mask     | Scope |     Hw-Address    |
[   25.244902] cloud-init[938]: ci-info: +--------+------+----------------------------+---------------+-------+-------------------+
[   25.248972] cloud-init[938]: ci-info: | enp0s3 | True |         10.0.2.15          | 255.255.255.0 |   .   | 02:1f:2a:60:99:e3 |
[   25.255655] cloud-init[938]: ci-info: | enp0s3 | True | fe80::1f:2aff:fe60:99e3/64 |       .       |  link | 02:1f:2a:60:99:e3 |
[   25.277368] cloud-init[938]: ci-info: |   lo   | True |         127.0.0.1          |   255.0.0.0   |   .   |         .         |
[   25.294584] cloud-init[938]: ci-info: |   lo   | True |          ::1/128           |       .       |  host |         .         |
[[0;32m  OK  [0m] Started Initial cloud-init job (metadata service crawler).
[   25.339589] cloud-init[938]: ci-info: +--------+------+----------------------------+---------------+-------+-------------------+
[   25.370462] cloud-init[938]: ci-info: +++++++++++++++++++++++++++Route IPv4 info++++++++++++++++++++++++++++
[[0;32m  OK  [0m] Reached target System Initialization.
[   25.370639] cloud-init[938]: ci-info: +-------+-------------+----------+---------------+-----------+-------+
[   25.437553] cloud-init[938]: ci-info: | Route | Destination | Gateway  |    Genmask    | Interface | Flags |
[[0;32m  OK  [0m] Started Daily Cleanup of Temporary Directories.
[   25.437691] cloud-init[938]: ci-info: +-------+-------------+----------+---------------+-----------+-------+
[   25.466235] cloud-init[938]: ci-info: |   0   |   0.0.0.0   | 10.0.2.2 |    0.0.0.0    |   enp0s3  |   UG  |
[   25.466463] cloud-init[938]: ci-info: |   1   |   10.0.2.0  | 0.0.0.0  | 255.255.255.0 |   enp0s3  |   U   |
[[0;32m  OK  [0m] Listening on ACPID Listen Socket.
[[   25.466597] cloud-init[938]: ci-info: +-------+-------------+----------+---------------+-----------+-------+
[   25.470808] cloud-init[938]: Generating public/private rsa key pair.
[   25.471087] cloud-init[938]: Your identification has been saved in /etc/ssh/ssh_host_rsa_key.
[0;32m  OK  [0m] Listening on UUID daemon activation socket.
[   25.471228] cloud-init[938]: Your public key has been saved in /etc/ssh/ssh_host_rsa_key.pub.
[   25.485478] cloud-init[938]: The key fingerprint is:
[   25.485734] cloud-init[938]: SHA256:6rQoXXo+8NIpl06X7M5+JN3c3ux4Iru+wfToeEm64uY root@ubuntu-xenial
[[0;32m  OK  [0m] Started Timer to automatically refresh installed snaps.
[   25.485872] cloud-init[938]: The key's randomart image is:
         Starting Socket activation for snappy daemon.
[   25.566353] cloud-init[938]: +---[RSA 2048]----+
[   25.605071] cloud-init[938]: |                 |
[   25.620383] cloud-init[938]: |                 |
         [   25.636188] Starting LXD - unix socket.cloud-init
[938]: |                 |
[   25.638756] cloud-init[938]: |                 |
[   25.639189] cloud-init[938]: |        S. o..   |
[[0;32m  OK  [0m] Listening on D-Bus System Message Bus Socket.
[   25.639324] cloud-init[938]: |    . .o..oo+o.  |
[   25.744422] cloud-init[938]: |   . *+o+o o+o.o |
[   25.744782] [cloud-init[0;32m  OK  [0m[938]: ] |  . ==O=o oo+.o.+|Started ACPI Events Check.

[   25.744879] cloud-init[938]: |   ..B=BEoo+*=.+.|
[   25.753234] cloud-init[938]: +----[SHA256]-----+
[   25.753505] cloud-init[938]: Generating public/private dsa key pair.
[   25.753765] cloud-init[938]: Your identification has been saved in /etc/ssh/ssh_host_dsa_key.
[   25.754058] cloud-init[938]: Your public key has been saved in /etc/ssh/ssh_host_dsa_key.pub.
[   25.754341] cloud-init[938]: The key fingerprint is:
[[0;32m  OK  [0m] Reached target Paths.
[[   25.754472] cloud-init[938]: SHA256:nIvLJJdmxLrvmxsy+FdJT0Cdu/Jic0bDVQWfBWth69k root@ubuntu-xenial
[   25.779207] cloud-init[938]: The key's randomart image is:
[   25.779455] cloud-init[938]: +---[DSA 1024]----+
[   25.779748] cloud-init[938]: |       ... .  =+o|
[   25.780100] cloud-init[938]: |        . o  ..=o|
[   25.780348] cloud-init[938]: |         . . .+..|
[   25.780641] cloud-init[938]: |     . ...o .o o |
[0;32m  OK  [0m] Reached target Network is Online.
[[   25.781770] cloud-init[938]: |      o.S= o  o E|
[   25.789477] cloud-init[938]: |   . o o+.*      |
[0;32m  OK  [0m] Started Daily apt download activities.
[[   25.789708] cloud-init[938]: |  . = O..+ .     |
[   25.810916] cloud-init[938]: |   . @.++ +      |
[   25.811242] cloud-init[938]: |    o+O+ =       |
[   25.811480] cloud-init[938]: +----[SHA256]-----+
[   25.811700] cloud-init[938]: Generating public/private ecdsa key pair.
[   25.811928] cloud-init[938]: Your identification has been saved in /etc/ssh/ssh_host_ecdsa_key.
[   25.812286] cloud-init[938]: Your public key has been saved in /etc/ssh/ssh_host_ecdsa_key.pub.
[0;32m  OK  [0m] Started Daily apt upgrade and clean activities.
[   25.812376] cloud-init[938]: The key fingerprint is:
[   25.853906] cloud-init[938]: SHA256:FWVBbPOvLOYTc9uVVP3Cby8VzSTVELdI+bkRUa7CSlk root@ubuntu-xenial
[   25.854297] cloud-init[938]: The key's randomart image is:
[[0;32m  OK  [0m] Reached target Timers.
[   25.854457] cloud-init[938]: +---[ECDSA 256]---+
[   25.904328] cloud-init[938]: |          .+=o+=O|
[   25.904561] cloud-init[938]: |           o=.o+*|
         Starting iSCSI initiator daemon (iscsid)...
[   25.904695] cloud-init[938]: |          ..E=.=B|
[   25.917778] cloud-init[938]: |         . +  +B+|
[   25.918059] cloud-init[938]: |        S o o o+=|
[   25.918397] cloud-init[938]: |         . .o..o*|
[   25.918705] cloud-init[938]: |          .  = *o|
[   25.919015] cloud-init[938]: |            + = o|
[   25.919331] cloud-init[938]: |           o.o . |
[   25.919647] cloud-init[938]: +----[SHA256]-----+
[   25.920367] cloud-init[938]: Generating public/private ed25519 key pair.
[   25.920684] cloud-init[938]: Your identification has been saved in /etc/ssh/ssh_host_ed25519_key.
[   25.921048] cloud-init[938]: Your public key has been saved in /etc/ssh/ssh_host_ed25519_key.pub.
[[0;32m  OK  [0m] Reached target Cloud-config availability.
[   25.921374] cloud-init[938]: The key fingerprint is:
[   25.947214] cloud-init[938]: SHA256:o0fxqG0sB7Y2vIgBgRlroJ/jN4Gdh2QNcV4MyvaN37o root@ubuntu-xenial
[   25.948696] cloud-init[938]: The key's randomart image is:
[   25.949040] cloud-init[938]: +--[ED25519 256]--+
[[0;32m  OK  [0m] Listening on Socket activation for snappy daemon.
[[   25.949211] cloud-init[938]: |o   o.oo.        |
[   25.966904] cloud-init[938]: |++ . * ..        |
[   25.967148] cloud-init[938]: |*.  * o .        |
[   25.967444] cloud-init[938]: |.o B + o +       |
[   25.967752] cloud-init[938]: |. = = * S .      |
[   25.968106] cloud-init[938]: | o . = X o       |
[   25.968582] cloud-init[938]: |  o o O B .      |
[   25.968864] cloud-init[938]: |   + + B .       |
[0;32m  OK  [0m] Listening on LXD - unix socket.
[   25.969421] cloud-init[938]: |  . . . E.       |
[   25.984130] cloud-init[938]: +----[SHA256]-----+
[[0;32m  OK  [0m] Reached target Sockets.
[[0;32m  OK  [0m] Reached target Basic System.
[[0;32m  OK  [0m] Started D-Bus System Message Bus.
         Starting /etc/rc.local Compatibility...
[[0;32m  OK  [0m] Started Regular background program processing daemon.
         Starting Login Service...
         Starting Accounts Service...
         Starting Apply the settings specified in cloud-config...
         Starting System Logging Service...
[[0;32m  OK  [0m] Started FUSE filesystem for LXC.
[[0;32m  OK  [0m] Started ACPI event daemon.
         Starting LSB: MD monitoring daemon...
         Starting LSB: Record successful boot for GRUB...
[[0;32m  OK  [0m] Started Deferred execution scheduler.
         Starting Snappy daemon...
         Starting Pollinate to seed the pseudo random number generator...
[[0;32m  OK  [0m] Started Unattended Upgrades Shutdown.
         Starting LXD - container startup/shutdown...
[[0;32m  OK  [0m] Started iSCSI initiator daemon (iscsid).
[[0;32m  OK  [0m] Started /etc/rc.local Compatibility.
         Starting Login to default iSCSI targets...
[[0;32m  OK  [0m] Started Login Service.
[[0;32m  OK  [0m] Started Login to default iSCSI targets.
[[0;32m  OK  [0m] Started LSB: Record successful boot for GRUB.
[[0;32m  OK  [0m] Reached target Remote File Systems (Pre).
[[0;32m  OK  [0m] Reached target Remote File Systems.
         Starting LSB: daemon to balance interrupts for SMP systems...
         Starting Permit User Sessions...
         Starting LSB: VirtualBox Linux Additions...
         Starting LSB: automatic crash report generation...
         Starting LSB: Set the CPU Frequency Scaling governor to "ondemand"...
[[0;32m  OK  [0m] Started LSB: Set the CPU Frequency Scaling governor to "ondemand".
[[0;32m  OK  [0m] Started System Logging Service.
[[0;32m  OK  [0m] Started LSB: MD monitoring daemon.
[[0;32m  OK  [0m] Started LSB: daemon to balance interrupts for SMP systems.
[[0;32m  OK  [0m] Started Permit User Sessions.
         Starting Terminate Plymouth Boot Screen...
         Starting Hold until boot process finishes up...
[   28.355001] cloud-init[1051]: Generating locales (this might take a while)...
[[0;32m  OK  [0m] Started Terminate Plymouth Boot Screen.
[[0;32m  OK  [0m] Started Hold until boot process finishes up.
[[0;32m  OK  [0m] Started Serial Getty on ttyS0.
[[0;32m  OK  [0m] Started Getty on tty1.
[[0;32m  OK  [0m] Reached target Login Prompts.
         Starting Set console scheme...
[[0;32m  OK  [0m] Started LSB: automatic crash report generation.
[[0;32m  OK  [0m] Started Set console scheme.
         Starting Authenticate and Authorize Users to Run Privileged Tasks...
[[0;32m  OK  [0m] Started LSB: VirtualBox Linux Additions.
[[0;32m  OK  [0m] Started Authenticate and Authorize Users to Run Privileged Tasks.
[[0;32m  OK  [0m] Started Accounts Service.
[   31.247302] cloud-init[1051]:   en_US.UTF-8... done
[   31.252837] cloud-init[1051]: Generation complete.
[[0;32m  OK  [0m] Started Snappy daemon.
[[0;32m  OK  [0m] Started LXD - container startup/shutdown.
[[0;32m  OK  [0m] Started Pollinate to seed the pseudo random number generator.
         Starting OpenBSD Secure Shell server...
[[0;32m  OK  [0m] Started OpenBSD Secure Shell server.
[[0;32m  OK  [0m] Reached target Multi-User System.
[[0;32m  OK  [0m] Reached target Graphical Interface.
         Starting Update UTMP about System Runlevel Changes...
[[0;32m  OK  [0m] Started Update UTMP about System Runlevel Changes.
[[0;32m  OK  [0m] Created slice User Slice of vagrant.
         Starting User Manager for UID 1000...
[   34.259297] cloud-init[1051]: Cloud-init v. 17.1 running 'modules:config' at Sat, 11 Aug 2018 13:11:18 +0000. Up 26.74 seconds.

Ubuntu 16.04.3 LTS ubuntu-xenial ttyS0

ubuntu-xenial login: ci-info: no authorized ssh keys fingerprints found for user ubuntu.
<14>Aug 11 13:11:26 ec2: 
<14>Aug 11 13:11:26 ec2: #############################################################
<14>Aug 11 13:11:26 ec2: -----BEGIN SSH HOST KEY FINGERPRINTS-----
<14>Aug 11 13:11:26 ec2: 1024 SHA256:nIvLJJdmxLrvmxsy+FdJT0Cdu/Jic0bDVQWfBWth69k root@ubuntu-xenial (DSA)
<14>Aug 11 13:11:26 ec2: 256 SHA256:FWVBbPOvLOYTc9uVVP3Cby8VzSTVELdI+bkRUa7CSlk root@ubuntu-xenial (ECDSA)
<14>Aug 11 13:11:26 ec2: 256 SHA256:o0fxqG0sB7Y2vIgBgRlroJ/jN4Gdh2QNcV4MyvaN37o root@ubuntu-xenial (ED25519)
<14>Aug 11 13:11:26 ec2: 2048 SHA256:6rQoXXo+8NIpl06X7M5+JN3c3ux4Iru+wfToeEm64uY root@ubuntu-xenial (RSA)
<14>Aug 11 13:11:26 ec2: -----END SSH HOST KEY FINGERPRINTS-----
<14>Aug 11 13:11:26 ec2: #############################################################
-----BEGIN SSH HOST KEY KEYS-----
ecdsa-sha2-nistp256 AAAAE2VjZHNhLXNoYTItbmlzdHAyNTYAAAAIbmlzdHAyNTYAAABBBJU+g79lVabo/ZaFBDPIAVGLaR5fgsqgbSXXSdDkDjkf3XecNZ+3YPgiyzBaYUIPUwZASqBtDCkbsbGYtQfOgu8= root@ubuntu-xenial
ssh-ed25519 AAAAC3NzaC1lZDI1NTE5AAAAIJudOYhmaFsJ693N9lP5q+T4Y2B1If23mua9ZvDG/LpX root@ubuntu-xenial
ssh-rsa AAAAB3NzaC1yc2EAAAADAQABAAABAQCmIt7/HCy5UO3cU7XRuYwiPUB6PMN22+W4M4Ngh2m4kTbqLz6s8uE1hXAwXPGpcxDstaJ7XUblEptqonuWNmHHSlDlSD/35KpfoFYMEo3MQosLWlQn0Zb4Aox4hRgCIwZzq7EiIVsHp1S2dRWIpDOe57t+MuwMJtnyVR6Tc43J0UglU7CqEXqOCx4JHPgqSmYzy3Cpdm17JbDsDSCQvtocxIk2NlsM4UzG1bXpAcgJCWxWrSCS97JnCYxC2r9D3Sy+P0SniwlnmBTBNEsYhtv7AUJ/bOxUOPw2W1ehhhkX5yIve/RPIhvWGsaRIcUHC2KGHelJeoLB+kT4HusFogAF root@ubuntu-xenial
-----END SSH HOST KEY KEYS-----
[   35.228753] cloud-init[1333]: Cloud-init v. 17.1 running 'modules:final' at Sat, 11 Aug 2018 13:11:26 +0000. Up 34.80 seconds.
[   35.229177] cloud-init[1333]: ci-info: no authorized ssh keys fingerprints found for user ubuntu.
[   35.229471] cloud-init[1333]: Cloud-init v. 17.1 finished at Sat, 11 Aug 2018 13:11:26 +0000. Datasource DataSourceNoCloud [seed=/dev/sdb][dsmode=net].  Up 35.20 seconds
